2020-08-22 00:14:38,204 [1] INFO  Microsoft.Hosting.Lifetime - Now listening on: https://localhost:5001 
 
2020-08-22 00:14:38,220 [1] INFO  Microsoft.Hosting.Lifetime - Now listening on: http://localhost:5000 
 
2020-08-22 00:14:38,221 [1] INFO  Microsoft.Hosting.Lifetime - Application started. Press Ctrl+C to shut down. 
 
2020-08-22 00:14:38,221 [1] INFO  Microsoft.Hosting.Lifetime - Hosting environment: Development 
 
2020-08-22 00:14:38,222 [1] INFO  Microsoft.Hosting.Lifetime - Content root path: G:\HJSFStudio--master\HJSF\HJSF.Web 
 
2020-08-22 22:36:51,835 [1] INFO  Microsoft.Hosting.Lifetime - Now listening on: https://localhost:5001 
 
2020-08-22 22:36:51,849 [1] INFO  Microsoft.Hosting.Lifetime - Now listening on: http://localhost:5000 
 
2020-08-22 22:36:51,850 [1] INFO  Microsoft.Hosting.Lifetime - Application started. Press Ctrl+C to shut down. 
 
2020-08-22 22:36:51,851 [1] INFO  Microsoft.Hosting.Lifetime - Hosting environment: Development 
 
2020-08-22 22:36:51,851 [1] INFO  Microsoft.Hosting.Lifetime - Content root path: G:\HJSFStudio--master\HJSF\HJSF.Web 
 
2020-08-22 23:07:16,984 [1] INFO  Microsoft.Hosting.Lifetime - Now listening on: https://localhost:5001 
 
2020-08-22 23:07:16,996 [1] INFO  Microsoft.Hosting.Lifetime - Now listening on: http://localhost:5000 
 
2020-08-22 23:07:16,996 [1] INFO  Microsoft.Hosting.Lifetime - Application started. Press Ctrl+C to shut down. 
 
2020-08-22 23:07:16,997 [1] INFO  Microsoft.Hosting.Lifetime - Hosting environment: Development 
 
2020-08-22 23:07:16,998 [1] INFO  Microsoft.Hosting.Lifetime - Content root path: G:\HJSFStudio--master\HJSF\HJSF.Web 
 
2020-08-22 23:09:06,063 [1] INFO  Microsoft.Hosting.Lifetime - Now listening on: https://localhost:5001 
 
2020-08-22 23:09:06,075 [1] INFO  Microsoft.Hosting.Lifetime - Now listening on: http://localhost:5000 
 
2020-08-22 23:09:06,076 [1] INFO  Microsoft.Hosting.Lifetime - Application started. Press Ctrl+C to shut down. 
 
2020-08-22 23:09:06,077 [1] INFO  Microsoft.Hosting.Lifetime - Hosting environment: Development 
 
2020-08-22 23:09:06,078 [1] INFO  Microsoft.Hosting.Lifetime - Content root path: G:\HJSFStudio--master\HJSF\HJSF.Web 
 
2020-08-22 23:22:36,065 [58] INFO  Microsoft.Hosting.Lifetime - Application is shutting down... 
 
2020-08-22 23:22:54,674 [1] INFO  Microsoft.Hosting.Lifetime - Now listening on: https://localhost:5001 
 
2020-08-22 23:22:54,687 [1] INFO  Microsoft.Hosting.Lifetime - Now listening on: http://localhost:5000 
 
2020-08-22 23:22:54,688 [1] INFO  Microsoft.Hosting.Lifetime - Application started. Press Ctrl+C to shut down. 
 
2020-08-22 23:22:54,689 [1] INFO  Microsoft.Hosting.Lifetime - Hosting environment: Development 
 
2020-08-22 23:22:54,689 [1] INFO  Microsoft.Hosting.Lifetime - Content root path: G:\HJSFStudio--master\HJSF\HJSF.Web 
 
2020-08-22 23:30:43,041 [1] INFO  Microsoft.Hosting.Lifetime - Now listening on: https://localhost:5001 
 
2020-08-22 23:30:43,055 [1] INFO  Microsoft.Hosting.Lifetime - Now listening on: http://localhost:5000 
 
2020-08-22 23:30:43,058 [1] INFO  Microsoft.Hosting.Lifetime - Application started. Press Ctrl+C to shut down. 
 
2020-08-22 23:30:43,061 [1] INFO  Microsoft.Hosting.Lifetime - Hosting environment: Development 
 
2020-08-22 23:30:43,063 [1] INFO  Microsoft.Hosting.Lifetime - Content root path: G:\HJSFStudio--master\HJSF\HJSF.Web 
 
2020-08-22 23:34:14,309 [1] INFO  Microsoft.Hosting.Lifetime - Now listening on: https://localhost:5001 
 
2020-08-22 23:34:14,322 [1] INFO  Microsoft.Hosting.Lifetime - Now listening on: http://localhost:5000 
 
2020-08-22 23:34:14,323 [1] INFO  Microsoft.Hosting.Lifetime - Application started. Press Ctrl+C to shut down. 
 
2020-08-22 23:34:14,324 [1] INFO  Microsoft.Hosting.Lifetime - Hosting environment: Development 
 
2020-08-22 23:34:14,326 [1] INFO  Microsoft.Hosting.Lifetime - Content root path: G:\HJSFStudio--master\HJSF\HJSF.Web 
 
2020-08-22 23:35:41,412 [2] INFO  Microsoft.Hosting.Lifetime - Application is shutting down... 
 
2020-08-22 23:44:25,288 [1] INFO  Microsoft.Hosting.Lifetime - Now listening on: https://localhost:5001 
 
2020-08-22 23:44:25,300 [1] INFO  Microsoft.Hosting.Lifetime - Now listening on: http://localhost:5000 
 
2020-08-22 23:44:25,301 [1] INFO  Microsoft.Hosting.Lifetime - Application started. Press Ctrl+C to shut down. 
 
2020-08-22 23:44:25,301 [1] INFO  Microsoft.Hosting.Lifetime - Hosting environment: Development 
 
2020-08-22 23:44:25,302 [1] INFO  Microsoft.Hosting.Lifetime - Content root path: G:\HJSFStudio--master\HJSF\HJSF.Web 
 
2020-08-22 23:53:54,987 [2] INFO  Microsoft.Hosting.Lifetime - Application is shutting down... 
 
