2020-09-20 12:04:04,627 [1] INFO  Microsoft.Hosting.Lifetime - Now listening on: https://localhost:5001 
 
2020-09-20 12:04:04,640 [1] INFO  Microsoft.Hosting.Lifetime - Now listening on: http://localhost:5000 
 
2020-09-20 12:04:04,641 [1] INFO  Microsoft.Hosting.Lifetime - Application started. Press Ctrl+C to shut down. 
 
2020-09-20 12:04:04,641 [1] INFO  Microsoft.Hosting.Lifetime - Hosting environment: Development 
 
2020-09-20 12:04:04,642 [1] INFO  Microsoft.Hosting.Lifetime - Content root path: G:\HJSFStudio--master\HJSF\HJSF.Web 
 
2020-09-20 12:05:05,658 [16] INFO  Microsoft.Hosting.Lifetime - Application is shutting down... 
 
2020-09-20 12:05:13,511 [1] INFO  Microsoft.Hosting.Lifetime - Now listening on: https://localhost:5001 
 
2020-09-20 12:05:13,523 [1] INFO  Microsoft.Hosting.Lifetime - Now listening on: http://localhost:5000 
 
2020-09-20 12:05:13,524 [1] INFO  Microsoft.Hosting.Lifetime - Application started. Press Ctrl+C to shut down. 
 
2020-09-20 12:05:13,524 [1] INFO  Microsoft.Hosting.Lifetime - Hosting environment: Development 
 
2020-09-20 12:05:13,525 [1] INFO  Microsoft.Hosting.Lifetime - Content root path: G:\HJSFStudio--master\HJSF\HJSF.Web 
 
2020-09-20 13:10:38,363 [73] INFO  Microsoft.Hosting.Lifetime - Application is shutting down... 
 
2020-09-20 14:09:40,782 [1] INFO  Microsoft.Hosting.Lifetime - Now listening on: https://localhost:5001 
 
2020-09-20 14:09:40,794 [1] INFO  Microsoft.Hosting.Lifetime - Now listening on: http://localhost:5000 
 
2020-09-20 14:09:40,795 [1] INFO  Microsoft.Hosting.Lifetime - Application started. Press Ctrl+C to shut down. 
 
2020-09-20 14:09:40,796 [1] INFO  Microsoft.Hosting.Lifetime - Hosting environment: Development 
 
2020-09-20 14:09:40,797 [1] INFO  Microsoft.Hosting.Lifetime - Content root path: G:\HJSFStudio--master\HJSF\HJSF.Web 
 
2020-09-20 14:34:16,168 [1] INFO  Microsoft.Hosting.Lifetime - Now listening on: https://localhost:5001 
 
2020-09-20 14:34:16,179 [1] INFO  Microsoft.Hosting.Lifetime - Now listening on: http://localhost:5000 
 
2020-09-20 14:34:16,180 [1] INFO  Microsoft.Hosting.Lifetime - Application started. Press Ctrl+C to shut down. 
 
2020-09-20 14:34:16,180 [1] INFO  Microsoft.Hosting.Lifetime - Hosting environment: Development 
 
2020-09-20 14:34:16,181 [1] INFO  Microsoft.Hosting.Lifetime - Content root path: G:\HJSFStudio--master\HJSF\HJSF.Web 
 
