2020-09-22 21:51:09,156 [1] INFO  Microsoft.Hosting.Lifetime - Now listening on: https://localhost:5001 
 
2020-09-22 21:51:09,173 [1] INFO  Microsoft.Hosting.Lifetime - Now listening on: http://localhost:5000 
 
2020-09-22 21:51:09,175 [1] INFO  Microsoft.Hosting.Lifetime - Application started. Press Ctrl+C to shut down. 
 
2020-09-22 21:51:09,179 [1] INFO  Microsoft.Hosting.Lifetime - Hosting environment: Development 
 
2020-09-22 21:51:09,181 [1] INFO  Microsoft.Hosting.Lifetime - Content root path: G:\HJSFStudio--master\HJSF\HJSF.Web 
 
2020-09-22 21:55:43,771 [2] INFO  Microsoft.Hosting.Lifetime - Application is shutting down... 
 
2020-09-22 22:00:59,866 [1] INFO  Microsoft.Hosting.Lifetime - Now listening on: https://localhost:5001 
 
2020-09-22 22:00:59,884 [1] INFO  Microsoft.Hosting.Lifetime - Now listening on: http://localhost:5000 
 
2020-09-22 22:00:59,886 [1] INFO  Microsoft.Hosting.Lifetime - Application started. Press Ctrl+C to shut down. 
 
2020-09-22 22:00:59,889 [1] INFO  Microsoft.Hosting.Lifetime - Hosting environment: Development 
 
2020-09-22 22:00:59,892 [1] INFO  Microsoft.Hosting.Lifetime - Content root path: G:\HJSFStudio--master\HJSF\HJSF.Web 
 
2020-09-22 22:38:47,464 [1] INFO  Microsoft.Hosting.Lifetime - Now listening on: https://localhost:5001 
 
2020-09-22 22:38:47,476 [1] INFO  Microsoft.Hosting.Lifetime - Now listening on: http://localhost:5000 
 
2020-09-22 22:38:47,477 [1] INFO  Microsoft.Hosting.Lifetime - Application started. Press Ctrl+C to shut down. 
 
2020-09-22 22:38:47,477 [1] INFO  Microsoft.Hosting.Lifetime - Hosting environment: Development 
 
2020-09-22 22:38:47,478 [1] INFO  Microsoft.Hosting.Lifetime - Content root path: G:\HJSFStudio--master\HJSF\HJSF.Web 
 
2020-09-22 22:40:11,235 [14] INFO  Microsoft.Hosting.Lifetime - Application is shutting down... 
 
2020-09-22 22:41:01,463 [1] INFO  Microsoft.Hosting.Lifetime - Now listening on: https://localhost:5001 
 
2020-09-22 22:41:01,475 [1] INFO  Microsoft.Hosting.Lifetime - Now listening on: http://localhost:5000 
 
2020-09-22 22:41:01,476 [1] INFO  Microsoft.Hosting.Lifetime - Application started. Press Ctrl+C to shut down. 
 
2020-09-22 22:41:01,476 [1] INFO  Microsoft.Hosting.Lifetime - Hosting environment: Development 
 
2020-09-22 22:41:01,477 [1] INFO  Microsoft.Hosting.Lifetime - Content root path: G:\HJSFStudio--master\HJSF\HJSF.Web 
 
2020-09-22 23:15:56,978 [1] INFO  Microsoft.Hosting.Lifetime - Now listening on: https://localhost:5001 
 
2020-09-22 23:15:57,003 [1] INFO  Microsoft.Hosting.Lifetime - Now listening on: http://localhost:5000 
 
2020-09-22 23:15:57,011 [1] INFO  Microsoft.Hosting.Lifetime - Application started. Press Ctrl+C to shut down. 
 
2020-09-22 23:15:57,016 [1] INFO  Microsoft.Hosting.Lifetime - Hosting environment: Development 
 
2020-09-22 23:15:57,020 [1] INFO  Microsoft.Hosting.Lifetime - Content root path: G:\HJSFStudio--master\HJSF\HJSF.Web 
 
2020-09-22 23:54:20,759 [1] INFO  Microsoft.Hosting.Lifetime - Now listening on: https://localhost:5001 
 
2020-09-22 23:54:20,773 [1] INFO  Microsoft.Hosting.Lifetime - Now listening on: http://localhost:5000 
 
2020-09-22 23:54:20,776 [1] INFO  Microsoft.Hosting.Lifetime - Application started. Press Ctrl+C to shut down. 
 
2020-09-22 23:54:20,779 [1] INFO  Microsoft.Hosting.Lifetime - Hosting environment: Development 
 
2020-09-22 23:54:20,782 [1] INFO  Microsoft.Hosting.Lifetime - Content root path: G:\HJSFStudio--master\HJSF\HJSF.Web 
 
2020-09-22 23:56:08,307 [1] INFO  Microsoft.Hosting.Lifetime - Now listening on: https://localhost:5001 
 
2020-09-22 23:56:08,326 [1] INFO  Microsoft.Hosting.Lifetime - Now listening on: http://localhost:5000 
 
2020-09-22 23:56:08,329 [1] INFO  Microsoft.Hosting.Lifetime - Application started. Press Ctrl+C to shut down. 
 
2020-09-22 23:56:08,332 [1] INFO  Microsoft.Hosting.Lifetime - Hosting environment: Development 
 
2020-09-22 23:56:08,336 [1] INFO  Microsoft.Hosting.Lifetime - Content root path: G:\HJSFStudio--master\HJSF\HJSF.Web 
 
2020-09-22 23:57:03,631 [1] INFO  Microsoft.Hosting.Lifetime - Now listening on: https://localhost:5001 
 
2020-09-22 23:57:03,650 [1] INFO  Microsoft.Hosting.Lifetime - Now listening on: http://localhost:5000 
 
2020-09-22 23:57:03,652 [1] INFO  Microsoft.Hosting.Lifetime - Application started. Press Ctrl+C to shut down. 
 
2020-09-22 23:57:03,654 [1] INFO  Microsoft.Hosting.Lifetime - Hosting environment: Development 
 
2020-09-22 23:57:03,657 [1] INFO  Microsoft.Hosting.Lifetime - Content root path: G:\HJSFStudio--master\HJSF\HJSF.Web 
 
