2020-09-02 23:20:04,878 [1] INFO  Microsoft.Hosting.Lifetime - Now listening on: https://localhost:5001 
 
2020-09-02 23:20:04,889 [1] INFO  Microsoft.Hosting.Lifetime - Now listening on: http://localhost:5000 
 
2020-09-02 23:20:04,892 [1] INFO  Microsoft.Hosting.Lifetime - Application started. Press Ctrl+C to shut down. 
 
2020-09-02 23:20:04,893 [1] INFO  Microsoft.Hosting.Lifetime - Hosting environment: Development 
 
2020-09-02 23:20:04,893 [1] INFO  Microsoft.Hosting.Lifetime - Content root path: G:\HJSFStudio--master\HJSF\HJSF.Web 
 
2020-09-02 23:42:00,839 [1] INFO  Microsoft.Hosting.Lifetime - Now listening on: https://localhost:5001 
 
2020-09-02 23:42:00,855 [1] INFO  Microsoft.Hosting.Lifetime - Now listening on: http://localhost:5000 
 
2020-09-02 23:42:00,858 [1] INFO  Microsoft.Hosting.Lifetime - Application started. Press Ctrl+C to shut down. 
 
2020-09-02 23:42:00,861 [1] INFO  Microsoft.Hosting.Lifetime - Hosting environment: Development 
 
2020-09-02 23:42:00,863 [1] INFO  Microsoft.Hosting.Lifetime - Content root path: G:\HJSFStudio--master\HJSF\HJSF.Web 
 
2020-09-02 23:46:10,017 [1] INFO  Microsoft.Hosting.Lifetime - Now listening on: https://localhost:5001 
 
2020-09-02 23:46:10,032 [1] INFO  Microsoft.Hosting.Lifetime - Now listening on: http://localhost:5000 
 
2020-09-02 23:46:10,034 [1] INFO  Microsoft.Hosting.Lifetime - Application started. Press Ctrl+C to shut down. 
 
2020-09-02 23:46:10,037 [1] INFO  Microsoft.Hosting.Lifetime - Hosting environment: Development 
 
2020-09-02 23:46:10,039 [1] INFO  Microsoft.Hosting.Lifetime - Content root path: G:\HJSFStudio--master\HJSF\HJSF.Web 
 
2020-09-02 23:47:20,836 [1] INFO  Microsoft.Hosting.Lifetime - Now listening on: https://localhost:5001 
 
2020-09-02 23:47:20,852 [1] INFO  Microsoft.Hosting.Lifetime - Now listening on: http://localhost:5000 
 
2020-09-02 23:47:20,856 [1] INFO  Microsoft.Hosting.Lifetime - Application started. Press Ctrl+C to shut down. 
 
2020-09-02 23:47:20,857 [1] INFO  Microsoft.Hosting.Lifetime - Hosting environment: Development 
 
2020-09-02 23:47:20,859 [1] INFO  Microsoft.Hosting.Lifetime - Content root path: G:\HJSFStudio--master\HJSF\HJSF.Web 
 
2020-09-02 23:51:33,076 [1] INFO  Microsoft.Hosting.Lifetime - Now listening on: https://localhost:5001 
 
2020-09-02 23:51:33,091 [1] INFO  Microsoft.Hosting.Lifetime - Now listening on: http://localhost:5000 
 
2020-09-02 23:51:33,095 [1] INFO  Microsoft.Hosting.Lifetime - Application started. Press Ctrl+C to shut down. 
 
2020-09-02 23:51:33,097 [1] INFO  Microsoft.Hosting.Lifetime - Hosting environment: Development 
 
2020-09-02 23:51:33,099 [1] INFO  Microsoft.Hosting.Lifetime - Content root path: G:\HJSFStudio--master\HJSF\HJSF.Web 
 
2020-09-02 23:55:02,554 [1] INFO  Microsoft.Hosting.Lifetime - Now listening on: https://localhost:5001 
 
2020-09-02 23:55:02,570 [1] INFO  Microsoft.Hosting.Lifetime - Now listening on: http://localhost:5000 
 
2020-09-02 23:55:02,574 [1] INFO  Microsoft.Hosting.Lifetime - Application started. Press Ctrl+C to shut down. 
 
2020-09-02 23:55:02,576 [1] INFO  Microsoft.Hosting.Lifetime - Hosting environment: Development 
 
2020-09-02 23:55:02,578 [1] INFO  Microsoft.Hosting.Lifetime - Content root path: G:\HJSFStudio--master\HJSF\HJSF.Web 
 
