2020-09-10 00:09:30,304 [2] INFO  Microsoft.Hosting.Lifetime - Application is shutting down... 
 
2020-09-10 00:09:40,236 [1] INFO  Microsoft.Hosting.Lifetime - Now listening on: https://localhost:5001 
 
2020-09-10 00:09:40,248 [1] INFO  Microsoft.Hosting.Lifetime - Now listening on: http://localhost:5000 
 
2020-09-10 00:09:40,249 [1] INFO  Microsoft.Hosting.Lifetime - Application started. Press Ctrl+C to shut down. 
 
2020-09-10 00:09:40,250 [1] INFO  Microsoft.Hosting.Lifetime - Hosting environment: Development 
 
2020-09-10 00:09:40,250 [1] INFO  Microsoft.Hosting.Lifetime - Content root path: G:\HJSFStudio--master\HJSF\HJSF.Web 
 
2020-09-10 00:16:59,727 [1] INFO  Microsoft.Hosting.Lifetime - Now listening on: https://localhost:5001 
 
2020-09-10 00:16:59,740 [1] INFO  Microsoft.Hosting.Lifetime - Now listening on: http://localhost:5000 
 
2020-09-10 00:16:59,740 [1] INFO  Microsoft.Hosting.Lifetime - Application started. Press Ctrl+C to shut down. 
 
2020-09-10 00:16:59,741 [1] INFO  Microsoft.Hosting.Lifetime - Hosting environment: Development 
 
2020-09-10 00:16:59,742 [1] INFO  Microsoft.Hosting.Lifetime - Content root path: G:\HJSFStudio--master\HJSF\HJSF.Web 
 
2020-09-10 00:27:21,351 [1] INFO  Microsoft.Hosting.Lifetime - Now listening on: https://localhost:5001 
 
2020-09-10 00:27:21,363 [1] INFO  Microsoft.Hosting.Lifetime - Now listening on: http://localhost:5000 
 
2020-09-10 00:27:21,364 [1] INFO  Microsoft.Hosting.Lifetime - Application started. Press Ctrl+C to shut down. 
 
2020-09-10 00:27:21,365 [1] INFO  Microsoft.Hosting.Lifetime - Hosting environment: Development 
 
2020-09-10 00:27:21,365 [1] INFO  Microsoft.Hosting.Lifetime - Content root path: G:\HJSFStudio--master\HJSF\HJSF.Web 
 
2020-09-10 22:43:43,378 [1] INFO  Microsoft.Hosting.Lifetime - Now listening on: https://localhost:5001 
 
2020-09-10 22:43:43,392 [1] INFO  Microsoft.Hosting.Lifetime - Now listening on: http://localhost:5000 
 
2020-09-10 22:43:43,393 [1] INFO  Microsoft.Hosting.Lifetime - Application started. Press Ctrl+C to shut down. 
 
2020-09-10 22:43:43,394 [1] INFO  Microsoft.Hosting.Lifetime - Hosting environment: Development 
 
2020-09-10 22:43:43,394 [1] INFO  Microsoft.Hosting.Lifetime - Content root path: G:\HJSFStudio--master\HJSF\HJSF.Web 
 
