2020-10-28 23:19:37,178 [1] INFO  Microsoft.Hosting.Lifetime - Now listening on: https://localhost:5001 
 
2020-10-28 23:19:37,197 [1] INFO  Microsoft.Hosting.Lifetime - Now listening on: http://localhost:5000 
 
2020-10-28 23:19:37,201 [1] INFO  Microsoft.Hosting.Lifetime - Application started. Press Ctrl+C to shut down. 
 
2020-10-28 23:19:37,203 [1] INFO  Microsoft.Hosting.Lifetime - Hosting environment: Development 
 
2020-10-28 23:19:37,205 [1] INFO  Microsoft.Hosting.Lifetime - Content root path: G:\HJSFStudio--master\HJSF\HJSF.Web 
 
2020-10-28 23:26:45,655 [1] INFO  Microsoft.Hosting.Lifetime - Now listening on: https://localhost:5001 
 
2020-10-28 23:26:45,669 [1] INFO  Microsoft.Hosting.Lifetime - Now listening on: http://localhost:5000 
 
2020-10-28 23:26:45,672 [1] INFO  Microsoft.Hosting.Lifetime - Application started. Press Ctrl+C to shut down. 
 
2020-10-28 23:26:45,674 [1] INFO  Microsoft.Hosting.Lifetime - Hosting environment: Development 
 
2020-10-28 23:26:45,676 [1] INFO  Microsoft.Hosting.Lifetime - Content root path: G:\HJSFStudio--master\HJSF\HJSF.Web 
 
2020-10-28 23:33:04,190 [1] INFO  Microsoft.Hosting.Lifetime - Now listening on: https://localhost:5001 
 
2020-10-28 23:33:04,204 [1] INFO  Microsoft.Hosting.Lifetime - Now listening on: http://localhost:5000 
 
2020-10-28 23:33:04,207 [1] INFO  Microsoft.Hosting.Lifetime - Application started. Press Ctrl+C to shut down. 
 
2020-10-28 23:33:04,209 [1] INFO  Microsoft.Hosting.Lifetime - Hosting environment: Development 
 
2020-10-28 23:33:04,211 [1] INFO  Microsoft.Hosting.Lifetime - Content root path: G:\HJSFStudio--master\HJSF\HJSF.Web 
 
2020-10-28 23:44:47,605 [1] INFO  Microsoft.Hosting.Lifetime - Now listening on: https://localhost:5001 
 
2020-10-28 23:44:47,620 [1] INFO  Microsoft.Hosting.Lifetime - Now listening on: http://localhost:5000 
 
2020-10-28 23:44:47,622 [1] INFO  Microsoft.Hosting.Lifetime - Application started. Press Ctrl+C to shut down. 
 
2020-10-28 23:44:47,624 [1] INFO  Microsoft.Hosting.Lifetime - Hosting environment: Development 
 
2020-10-28 23:44:47,626 [1] INFO  Microsoft.Hosting.Lifetime - Content root path: G:\HJSFStudio--master\HJSF\HJSF.Web 
 
