2020-09-15 00:23:43,066 [1] INFO  Microsoft.Hosting.Lifetime - Now listening on: https://localhost:5001 
 
2020-09-15 00:23:43,083 [1] INFO  Microsoft.Hosting.Lifetime - Now listening on: http://localhost:5000 
 
2020-09-15 00:23:43,084 [1] INFO  Microsoft.Hosting.Lifetime - Application started. Press Ctrl+C to shut down. 
 
2020-09-15 00:23:43,084 [1] INFO  Microsoft.Hosting.Lifetime - Hosting environment: Development 
 
2020-09-15 00:23:43,085 [1] INFO  Microsoft.Hosting.Lifetime - Content root path: G:\HJSFStudio--master\HJSF\HJSF.Web 
 
2020-09-15 00:25:41,998 [2] INFO  Microsoft.Hosting.Lifetime - Application is shutting down... 
 
2020-09-15 00:26:04,865 [1] INFO  Microsoft.Hosting.Lifetime - Now listening on: https://localhost:5001 
 
2020-09-15 00:26:04,881 [1] INFO  Microsoft.Hosting.Lifetime - Now listening on: http://localhost:5000 
 
2020-09-15 00:26:04,885 [1] INFO  Microsoft.Hosting.Lifetime - Application started. Press Ctrl+C to shut down. 
 
2020-09-15 00:26:04,888 [1] INFO  Microsoft.Hosting.Lifetime - Hosting environment: Development 
 
2020-09-15 00:26:04,890 [1] INFO  Microsoft.Hosting.Lifetime - Content root path: G:\HJSFStudio--master\HJSF\HJSF.Web 
 
2020-09-15 00:30:50,802 [1] INFO  Microsoft.Hosting.Lifetime - Now listening on: https://localhost:5001 
 
2020-09-15 00:30:50,819 [1] INFO  Microsoft.Hosting.Lifetime - Now listening on: http://localhost:5000 
 
2020-09-15 00:30:50,822 [1] INFO  Microsoft.Hosting.Lifetime - Application started. Press Ctrl+C to shut down. 
 
2020-09-15 00:30:50,824 [1] INFO  Microsoft.Hosting.Lifetime - Hosting environment: Development 
 
2020-09-15 00:30:50,826 [1] INFO  Microsoft.Hosting.Lifetime - Content root path: G:\HJSFStudio--master\HJSF\HJSF.Web 
 
2020-09-15 00:32:33,534 [1] INFO  Microsoft.Hosting.Lifetime - Now listening on: https://localhost:5001 
 
2020-09-15 00:32:33,552 [1] INFO  Microsoft.Hosting.Lifetime - Now listening on: http://localhost:5000 
 
2020-09-15 00:32:33,557 [1] INFO  Microsoft.Hosting.Lifetime - Application started. Press Ctrl+C to shut down. 
 
2020-09-15 00:32:33,560 [1] INFO  Microsoft.Hosting.Lifetime - Hosting environment: Development 
 
2020-09-15 00:32:33,566 [1] INFO  Microsoft.Hosting.Lifetime - Content root path: G:\HJSFStudio--master\HJSF\HJSF.Web 
 
2020-09-15 00:33:47,917 [1] INFO  Microsoft.Hosting.Lifetime - Now listening on: https://localhost:5001 
 
2020-09-15 00:33:47,929 [1] INFO  Microsoft.Hosting.Lifetime - Now listening on: http://localhost:5000 
 
2020-09-15 00:33:47,930 [1] INFO  Microsoft.Hosting.Lifetime - Application started. Press Ctrl+C to shut down. 
 
2020-09-15 00:33:47,930 [1] INFO  Microsoft.Hosting.Lifetime - Hosting environment: Development 
 
2020-09-15 00:33:47,931 [1] INFO  Microsoft.Hosting.Lifetime - Content root path: G:\HJSFStudio--master\HJSF\HJSF.Web 
 
2020-09-15 00:34:40,062 [2] INFO  Microsoft.Hosting.Lifetime - Application is shutting down... 
 
