2020-09-26 00:47:56,774 [1] INFO  Microsoft.Hosting.Lifetime - Now listening on: https://localhost:5001 
 
2020-09-26 00:47:56,790 [1] INFO  Microsoft.Hosting.Lifetime - Now listening on: http://localhost:5000 
 
2020-09-26 00:47:56,793 [1] INFO  Microsoft.Hosting.Lifetime - Application started. Press Ctrl+C to shut down. 
 
2020-09-26 00:47:56,798 [1] INFO  Microsoft.Hosting.Lifetime - Hosting environment: Development 
 
2020-09-26 00:47:56,801 [1] INFO  Microsoft.Hosting.Lifetime - Content root path: G:\HJSFStudio--master\HJSF\HJSF.Web 
 
2020-09-26 01:06:40,198 [1] INFO  Microsoft.Hosting.Lifetime - Now listening on: https://localhost:5001 
 
2020-09-26 01:06:40,210 [1] INFO  Microsoft.Hosting.Lifetime - Now listening on: http://localhost:5000 
 
2020-09-26 01:06:40,211 [1] INFO  Microsoft.Hosting.Lifetime - Application started. Press Ctrl+C to shut down. 
 
2020-09-26 01:06:40,212 [1] INFO  Microsoft.Hosting.Lifetime - Hosting environment: Development 
 
2020-09-26 01:06:40,213 [1] INFO  Microsoft.Hosting.Lifetime - Content root path: G:\HJSFStudio--master\HJSF\HJSF.Web 
 
2020-09-26 01:08:05,583 [1] INFO  Microsoft.Hosting.Lifetime - Now listening on: https://localhost:5001 
 
2020-09-26 01:08:05,594 [1] INFO  Microsoft.Hosting.Lifetime - Now listening on: http://localhost:5000 
 
2020-09-26 01:08:05,595 [1] INFO  Microsoft.Hosting.Lifetime - Application started. Press Ctrl+C to shut down. 
 
2020-09-26 01:08:05,595 [1] INFO  Microsoft.Hosting.Lifetime - Hosting environment: Development 
 
2020-09-26 01:08:05,596 [1] INFO  Microsoft.Hosting.Lifetime - Content root path: G:\HJSFStudio--master\HJSF\HJSF.Web 
 
2020-09-26 01:09:36,770 [20] INFO  Microsoft.Hosting.Lifetime - Application is shutting down... 
 
2020-09-26 01:09:48,777 [1] INFO  Microsoft.Hosting.Lifetime - Now listening on: https://localhost:5001 
 
2020-09-26 01:09:48,788 [1] INFO  Microsoft.Hosting.Lifetime - Now listening on: http://localhost:5000 
 
2020-09-26 01:09:48,789 [1] INFO  Microsoft.Hosting.Lifetime - Application started. Press Ctrl+C to shut down. 
 
2020-09-26 01:09:48,790 [1] INFO  Microsoft.Hosting.Lifetime - Hosting environment: Development 
 
2020-09-26 01:09:48,791 [1] INFO  Microsoft.Hosting.Lifetime - Content root path: G:\HJSFStudio--master\HJSF\HJSF.Web 
 
2020-09-26 01:11:45,129 [1] INFO  Microsoft.Hosting.Lifetime - Now listening on: https://localhost:5001 
 
2020-09-26 01:11:45,140 [1] INFO  Microsoft.Hosting.Lifetime - Now listening on: http://localhost:5000 
 
2020-09-26 01:11:45,141 [1] INFO  Microsoft.Hosting.Lifetime - Application started. Press Ctrl+C to shut down. 
 
2020-09-26 01:11:45,142 [1] INFO  Microsoft.Hosting.Lifetime - Hosting environment: Development 
 
2020-09-26 01:11:45,142 [1] INFO  Microsoft.Hosting.Lifetime - Content root path: G:\HJSFStudio--master\HJSF\HJSF.Web 
 
2020-09-26 01:14:31,119 [1] INFO  Microsoft.Hosting.Lifetime - Now listening on: https://localhost:5001 
 
2020-09-26 01:14:31,131 [1] INFO  Microsoft.Hosting.Lifetime - Now listening on: http://localhost:5000 
 
2020-09-26 01:14:31,132 [1] INFO  Microsoft.Hosting.Lifetime - Application started. Press Ctrl+C to shut down. 
 
2020-09-26 01:14:31,133 [1] INFO  Microsoft.Hosting.Lifetime - Hosting environment: Development 
 
2020-09-26 01:14:31,134 [1] INFO  Microsoft.Hosting.Lifetime - Content root path: G:\HJSFStudio--master\HJSF\HJSF.Web 
 
2020-09-26 01:49:58,320 [2] INFO  Microsoft.Hosting.Lifetime - Application is shutting down... 
 
2020-09-26 01:50:14,010 [1] INFO  Microsoft.Hosting.Lifetime - Now listening on: https://localhost:5001 
 
2020-09-26 01:50:14,023 [1] INFO  Microsoft.Hosting.Lifetime - Now listening on: http://localhost:5000 
 
2020-09-26 01:50:14,024 [1] INFO  Microsoft.Hosting.Lifetime - Application started. Press Ctrl+C to shut down. 
 
2020-09-26 01:50:14,025 [1] INFO  Microsoft.Hosting.Lifetime - Hosting environment: Development 
 
2020-09-26 01:50:14,026 [1] INFO  Microsoft.Hosting.Lifetime - Content root path: G:\HJSFStudio--master\HJSF\HJSF.Web 
 
2020-09-26 23:09:56,829 [1] INFO  Microsoft.Hosting.Lifetime - Now listening on: https://localhost:5001 
 
2020-09-26 23:09:56,892 [1] INFO  Microsoft.Hosting.Lifetime - Now listening on: http://localhost:5000 
 
2020-09-26 23:09:56,896 [1] INFO  Microsoft.Hosting.Lifetime - Application started. Press Ctrl+C to shut down. 
 
2020-09-26 23:09:56,898 [1] INFO  Microsoft.Hosting.Lifetime - Hosting environment: Development 
 
2020-09-26 23:09:56,900 [1] INFO  Microsoft.Hosting.Lifetime - Content root path: G:\HJSFStudio--master\HJSF\HJSF.Web 
 
