2020-10-01 00:30:57,103 [1] INFO  Microsoft.Hosting.Lifetime - Now listening on: https://localhost:5001 
 
2020-10-01 00:30:57,118 [1] INFO  Microsoft.Hosting.Lifetime - Now listening on: http://localhost:5000 
 
2020-10-01 00:30:57,121 [1] INFO  Microsoft.Hosting.Lifetime - Application started. Press Ctrl+C to shut down. 
 
2020-10-01 00:30:57,124 [1] INFO  Microsoft.Hosting.Lifetime - Hosting environment: Development 
 
2020-10-01 00:30:57,126 [1] INFO  Microsoft.Hosting.Lifetime - Content root path: G:\HJSFStudio--master\HJSF\HJSF.Web 
 
2020-10-01 00:33:15,719 [1] INFO  Microsoft.Hosting.Lifetime - Now listening on: https://localhost:5001 
 
2020-10-01 00:33:15,734 [1] INFO  Microsoft.Hosting.Lifetime - Now listening on: http://localhost:5000 
 
2020-10-01 00:33:15,737 [1] INFO  Microsoft.Hosting.Lifetime - Application started. Press Ctrl+C to shut down. 
 
2020-10-01 00:33:15,739 [1] INFO  Microsoft.Hosting.Lifetime - Hosting environment: Development 
 
2020-10-01 00:33:15,741 [1] INFO  Microsoft.Hosting.Lifetime - Content root path: G:\HJSFStudio--master\HJSF\HJSF.Web 
 
2020-10-01 00:36:07,388 [1] INFO  Microsoft.Hosting.Lifetime - Now listening on: https://localhost:5001 
 
2020-10-01 00:36:07,404 [1] INFO  Microsoft.Hosting.Lifetime - Now listening on: http://localhost:5000 
 
2020-10-01 00:36:07,407 [1] INFO  Microsoft.Hosting.Lifetime - Application started. Press Ctrl+C to shut down. 
 
2020-10-01 00:36:07,409 [1] INFO  Microsoft.Hosting.Lifetime - Hosting environment: Development 
 
2020-10-01 00:36:07,412 [1] INFO  Microsoft.Hosting.Lifetime - Content root path: G:\HJSFStudio--master\HJSF\HJSF.Web 
 
2020-10-01 00:37:28,771 [1] INFO  Microsoft.Hosting.Lifetime - Now listening on: https://localhost:5001 
 
2020-10-01 00:37:28,786 [1] INFO  Microsoft.Hosting.Lifetime - Now listening on: http://localhost:5000 
 
2020-10-01 00:37:28,788 [1] INFO  Microsoft.Hosting.Lifetime - Application started. Press Ctrl+C to shut down. 
 
2020-10-01 00:37:28,790 [1] INFO  Microsoft.Hosting.Lifetime - Hosting environment: Development 
 
2020-10-01 00:37:28,792 [1] INFO  Microsoft.Hosting.Lifetime - Content root path: G:\HJSFStudio--master\HJSF\HJSF.Web 
 
2020-10-01 00:38:37,419 [1] INFO  Microsoft.Hosting.Lifetime - Now listening on: https://localhost:5001 
 
2020-10-01 00:38:37,435 [1] INFO  Microsoft.Hosting.Lifetime - Now listening on: http://localhost:5000 
 
2020-10-01 00:38:37,438 [1] INFO  Microsoft.Hosting.Lifetime - Application started. Press Ctrl+C to shut down. 
 
2020-10-01 00:38:37,441 [1] INFO  Microsoft.Hosting.Lifetime - Hosting environment: Development 
 
2020-10-01 00:38:37,444 [1] INFO  Microsoft.Hosting.Lifetime - Content root path: G:\HJSFStudio--master\HJSF\HJSF.Web 
 
2020-10-01 00:40:04,971 [1] INFO  Microsoft.Hosting.Lifetime - Now listening on: https://localhost:5001 
 
2020-10-01 00:40:04,987 [1] INFO  Microsoft.Hosting.Lifetime - Now listening on: http://localhost:5000 
 
2020-10-01 00:40:04,990 [1] INFO  Microsoft.Hosting.Lifetime - Application started. Press Ctrl+C to shut down. 
 
2020-10-01 00:40:04,993 [1] INFO  Microsoft.Hosting.Lifetime - Hosting environment: Development 
 
2020-10-01 00:40:04,995 [1] INFO  Microsoft.Hosting.Lifetime - Content root path: G:\HJSFStudio--master\HJSF\HJSF.Web 
 
2020-10-01 00:53:28,673 [1] INFO  Microsoft.Hosting.Lifetime - Now listening on: https://localhost:5001 
 
2020-10-01 00:53:28,689 [1] INFO  Microsoft.Hosting.Lifetime - Now listening on: http://localhost:5000 
 
2020-10-01 00:53:28,693 [1] INFO  Microsoft.Hosting.Lifetime - Application started. Press Ctrl+C to shut down. 
 
2020-10-01 00:53:28,696 [1] INFO  Microsoft.Hosting.Lifetime - Hosting environment: Development 
 
2020-10-01 00:53:28,698 [1] INFO  Microsoft.Hosting.Lifetime - Content root path: G:\HJSFStudio--master\HJSF\HJSF.Web 
 
