2020-09-16 23:01:54,710 [1] INFO  Microsoft.Hosting.Lifetime - Now listening on: https://localhost:5001 
 
2020-09-16 23:01:54,723 [1] INFO  Microsoft.Hosting.Lifetime - Now listening on: http://localhost:5000 
 
2020-09-16 23:01:54,724 [1] INFO  Microsoft.Hosting.Lifetime - Application started. Press Ctrl+C to shut down. 
 
2020-09-16 23:01:54,725 [1] INFO  Microsoft.Hosting.Lifetime - Hosting environment: Development 
 
2020-09-16 23:01:54,725 [1] INFO  Microsoft.Hosting.Lifetime - Content root path: G:\HJSFStudio--master\HJSF\HJSF.Web 
 
2020-09-16 23:07:01,439 [1] INFO  Microsoft.Hosting.Lifetime - Now listening on: https://localhost:5001 
 
2020-09-16 23:07:01,450 [1] INFO  Microsoft.Hosting.Lifetime - Now listening on: http://localhost:5000 
 
2020-09-16 23:07:01,452 [1] INFO  Microsoft.Hosting.Lifetime - Application started. Press Ctrl+C to shut down. 
 
2020-09-16 23:07:01,452 [1] INFO  Microsoft.Hosting.Lifetime - Hosting environment: Development 
 
2020-09-16 23:07:01,453 [1] INFO  Microsoft.Hosting.Lifetime - Content root path: G:\HJSFStudio--master\HJSF\HJSF.Web 
 
2020-09-16 23:17:26,352 [37] INFO  Microsoft.Hosting.Lifetime - Application is shutting down... 
 
2020-09-16 23:17:35,360 [1] INFO  Microsoft.Hosting.Lifetime - Now listening on: https://localhost:5001 
 
2020-09-16 23:17:35,372 [1] INFO  Microsoft.Hosting.Lifetime - Now listening on: http://localhost:5000 
 
2020-09-16 23:17:35,373 [1] INFO  Microsoft.Hosting.Lifetime - Application started. Press Ctrl+C to shut down. 
 
2020-09-16 23:17:35,374 [1] INFO  Microsoft.Hosting.Lifetime - Hosting environment: Development 
 
2020-09-16 23:17:35,375 [1] INFO  Microsoft.Hosting.Lifetime - Content root path: G:\HJSFStudio--master\HJSF\HJSF.Web 
 
2020-09-16 23:18:06,470 [21] INFO  Microsoft.Hosting.Lifetime - Application is shutting down... 
 
2020-09-16 23:18:22,593 [1] INFO  Microsoft.Hosting.Lifetime - Now listening on: https://localhost:5001 
 
2020-09-16 23:18:22,622 [1] INFO  Microsoft.Hosting.Lifetime - Now listening on: http://localhost:5000 
 
2020-09-16 23:18:22,625 [1] INFO  Microsoft.Hosting.Lifetime - Application started. Press Ctrl+C to shut down. 
 
2020-09-16 23:18:22,627 [1] INFO  Microsoft.Hosting.Lifetime - Hosting environment: Development 
 
2020-09-16 23:18:22,629 [1] INFO  Microsoft.Hosting.Lifetime - Content root path: G:\HJSFStudio--master\HJSF\HJSF.Web 
 
2020-09-16 23:34:14,895 [1] INFO  Microsoft.Hosting.Lifetime - Now listening on: https://localhost:5001 
 
2020-09-16 23:34:14,907 [1] INFO  Microsoft.Hosting.Lifetime - Now listening on: http://localhost:5000 
 
2020-09-16 23:34:14,908 [1] INFO  Microsoft.Hosting.Lifetime - Application started. Press Ctrl+C to shut down. 
 
2020-09-16 23:34:14,908 [1] INFO  Microsoft.Hosting.Lifetime - Hosting environment: Development 
 
2020-09-16 23:34:14,908 [1] INFO  Microsoft.Hosting.Lifetime - Content root path: G:\HJSFStudio--master\HJSF\HJSF.Web 
 
2020-09-16 23:43:22,237 [1] INFO  Microsoft.Hosting.Lifetime - Now listening on: https://localhost:5001 
 
2020-09-16 23:43:22,250 [1] INFO  Microsoft.Hosting.Lifetime - Now listening on: http://localhost:5000 
 
2020-09-16 23:43:22,251 [1] INFO  Microsoft.Hosting.Lifetime - Application started. Press Ctrl+C to shut down. 
 
2020-09-16 23:43:22,252 [1] INFO  Microsoft.Hosting.Lifetime - Hosting environment: Development 
 
2020-09-16 23:43:22,253 [1] INFO  Microsoft.Hosting.Lifetime - Content root path: G:\HJSFStudio--master\HJSF\HJSF.Web 
 
2020-09-16 23:44:10,383 [19] INFO  Microsoft.Hosting.Lifetime - Application is shutting down... 
 
2020-09-16 23:44:23,580 [1] INFO  Microsoft.Hosting.Lifetime - Now listening on: https://localhost:5001 
 
2020-09-16 23:44:23,593 [1] INFO  Microsoft.Hosting.Lifetime - Now listening on: http://localhost:5000 
 
2020-09-16 23:44:23,594 [1] INFO  Microsoft.Hosting.Lifetime - Application started. Press Ctrl+C to shut down. 
 
2020-09-16 23:44:23,595 [1] INFO  Microsoft.Hosting.Lifetime - Hosting environment: Development 
 
2020-09-16 23:44:23,596 [1] INFO  Microsoft.Hosting.Lifetime - Content root path: G:\HJSFStudio--master\HJSF\HJSF.Web 
 
2020-09-16 23:44:46,844 [2] INFO  Microsoft.Hosting.Lifetime - Application is shutting down... 
 
