2020-09-12 11:13:47,276 [1] INFO  Microsoft.Hosting.Lifetime - Now listening on: https://localhost:5001 
 
2020-09-12 11:13:47,291 [1] INFO  Microsoft.Hosting.Lifetime - Now listening on: http://localhost:5000 
 
2020-09-12 11:13:47,292 [1] INFO  Microsoft.Hosting.Lifetime - Application started. Press Ctrl+C to shut down. 
 
2020-09-12 11:13:47,292 [1] INFO  Microsoft.Hosting.Lifetime - Hosting environment: Development 
 
2020-09-12 11:13:47,293 [1] INFO  Microsoft.Hosting.Lifetime - Content root path: G:\HJSFStudio--master\HJSF\HJSF.Web 
 
2020-09-12 11:17:59,048 [2] INFO  Microsoft.Hosting.Lifetime - Application is shutting down... 
 
2020-09-12 11:18:02,643 [1] INFO  Microsoft.Hosting.Lifetime - Now listening on: https://localhost:5001 
 
2020-09-12 11:18:02,654 [1] INFO  Microsoft.Hosting.Lifetime - Now listening on: http://localhost:5000 
 
2020-09-12 11:18:02,655 [1] INFO  Microsoft.Hosting.Lifetime - Application started. Press Ctrl+C to shut down. 
 
2020-09-12 11:18:02,655 [1] INFO  Microsoft.Hosting.Lifetime - Hosting environment: Development 
 
2020-09-12 11:18:02,656 [1] INFO  Microsoft.Hosting.Lifetime - Content root path: G:\HJSFStudio--master\HJSF\HJSF.Web 
 
2020-09-12 11:20:54,459 [1] INFO  Microsoft.Hosting.Lifetime - Now listening on: https://localhost:5001 
 
2020-09-12 11:20:54,473 [1] INFO  Microsoft.Hosting.Lifetime - Now listening on: http://localhost:5000 
 
2020-09-12 11:20:54,474 [1] INFO  Microsoft.Hosting.Lifetime - Application started. Press Ctrl+C to shut down. 
 
2020-09-12 11:20:54,475 [1] INFO  Microsoft.Hosting.Lifetime - Hosting environment: Development 
 
2020-09-12 11:20:54,476 [1] INFO  Microsoft.Hosting.Lifetime - Content root path: G:\HJSFStudio--master\HJSF\HJSF.Web 
 
2020-09-12 11:26:23,138 [1] INFO  Microsoft.Hosting.Lifetime - Now listening on: https://localhost:5001 
 
2020-09-12 11:26:23,149 [1] INFO  Microsoft.Hosting.Lifetime - Now listening on: http://localhost:5000 
 
2020-09-12 11:26:23,149 [1] INFO  Microsoft.Hosting.Lifetime - Application started. Press Ctrl+C to shut down. 
 
2020-09-12 11:26:23,150 [1] INFO  Microsoft.Hosting.Lifetime - Hosting environment: Development 
 
2020-09-12 11:26:23,150 [1] INFO  Microsoft.Hosting.Lifetime - Content root path: G:\HJSFStudio--master\HJSF\HJSF.Web 
 
2020-09-12 11:27:45,730 [25] INFO  Microsoft.Hosting.Lifetime - Application is shutting down... 
 
2020-09-12 11:28:02,227 [1] INFO  Microsoft.Hosting.Lifetime - Now listening on: https://localhost:5001 
 
2020-09-12 11:28:02,238 [1] INFO  Microsoft.Hosting.Lifetime - Now listening on: http://localhost:5000 
 
2020-09-12 11:28:02,238 [1] INFO  Microsoft.Hosting.Lifetime - Application started. Press Ctrl+C to shut down. 
 
2020-09-12 11:28:02,239 [1] INFO  Microsoft.Hosting.Lifetime - Hosting environment: Development 
 
2020-09-12 11:28:02,239 [1] INFO  Microsoft.Hosting.Lifetime - Content root path: G:\HJSFStudio--master\HJSF\HJSF.Web 
 
2020-09-12 11:31:31,120 [2] INFO  Microsoft.Hosting.Lifetime - Application is shutting down... 
 
2020-09-12 11:32:20,933 [1] INFO  Microsoft.Hosting.Lifetime - Now listening on: https://localhost:5001 
 
2020-09-12 11:32:20,944 [1] INFO  Microsoft.Hosting.Lifetime - Now listening on: http://localhost:5000 
 
2020-09-12 11:32:20,945 [1] INFO  Microsoft.Hosting.Lifetime - Application started. Press Ctrl+C to shut down. 
 
2020-09-12 11:32:20,945 [1] INFO  Microsoft.Hosting.Lifetime - Hosting environment: Development 
 
2020-09-12 11:32:20,946 [1] INFO  Microsoft.Hosting.Lifetime - Content root path: G:\HJSFStudio--master\HJSF\HJSF.Web 
 
2020-09-12 21:07:31,419 [1] INFO  Microsoft.Hosting.Lifetime - Now listening on: https://localhost:5001 
 
2020-09-12 21:07:31,430 [1] INFO  Microsoft.Hosting.Lifetime - Now listening on: http://localhost:5000 
 
2020-09-12 21:07:31,434 [1] INFO  Microsoft.Hosting.Lifetime - Application started. Press Ctrl+C to shut down. 
 
2020-09-12 21:07:31,435 [1] INFO  Microsoft.Hosting.Lifetime - Hosting environment: Development 
 
2020-09-12 21:07:31,436 [1] INFO  Microsoft.Hosting.Lifetime - Content root path: G:\HJSFStudio--master\HJSF\HJSF.Web 
 
2020-09-12 21:09:14,236 [2] INFO  Microsoft.Hosting.Lifetime - Application is shutting down... 
 
2020-09-12 21:09:48,137 [1] INFO  Microsoft.Hosting.Lifetime - Now listening on: https://localhost:5001 
 
2020-09-12 21:09:48,148 [1] INFO  Microsoft.Hosting.Lifetime - Now listening on: http://localhost:5000 
 
2020-09-12 21:09:48,149 [1] INFO  Microsoft.Hosting.Lifetime - Application started. Press Ctrl+C to shut down. 
 
2020-09-12 21:09:48,150 [1] INFO  Microsoft.Hosting.Lifetime - Hosting environment: Development 
 
2020-09-12 21:09:48,150 [1] INFO  Microsoft.Hosting.Lifetime - Content root path: G:\HJSFStudio--master\HJSF\HJSF.Web 
 
2020-09-12 21:10:10,911 [20] INFO  Microsoft.Hosting.Lifetime - Application is shutting down... 
 
2020-09-12 21:10:33,539 [1] INFO  Microsoft.Hosting.Lifetime - Now listening on: https://localhost:5001 
 
2020-09-12 21:10:33,551 [1] INFO  Microsoft.Hosting.Lifetime - Now listening on: http://localhost:5000 
 
2020-09-12 21:10:33,552 [1] INFO  Microsoft.Hosting.Lifetime - Application started. Press Ctrl+C to shut down. 
 
2020-09-12 21:10:33,552 [1] INFO  Microsoft.Hosting.Lifetime - Hosting environment: Development 
 
2020-09-12 21:10:33,553 [1] INFO  Microsoft.Hosting.Lifetime - Content root path: G:\HJSFStudio--master\HJSF\HJSF.Web 
 
2020-09-12 21:17:28,032 [1] INFO  Microsoft.Hosting.Lifetime - Now listening on: https://localhost:5001 
 
2020-09-12 21:17:28,043 [1] INFO  Microsoft.Hosting.Lifetime - Now listening on: http://localhost:5000 
 
2020-09-12 21:17:28,043 [1] INFO  Microsoft.Hosting.Lifetime - Application started. Press Ctrl+C to shut down. 
 
2020-09-12 21:17:28,044 [1] INFO  Microsoft.Hosting.Lifetime - Hosting environment: Development 
 
2020-09-12 21:17:28,044 [1] INFO  Microsoft.Hosting.Lifetime - Content root path: G:\HJSFStudio--master\HJSF\HJSF.Web 
 
2020-09-12 21:22:42,047 [29] INFO  Microsoft.Hosting.Lifetime - Application is shutting down... 
 
2020-09-12 21:24:02,061 [1] INFO  Microsoft.Hosting.Lifetime - Now listening on: https://localhost:5001 
 
2020-09-12 21:24:02,072 [1] INFO  Microsoft.Hosting.Lifetime - Now listening on: http://localhost:5000 
 
2020-09-12 21:24:02,073 [1] INFO  Microsoft.Hosting.Lifetime - Application started. Press Ctrl+C to shut down. 
 
2020-09-12 21:24:02,074 [1] INFO  Microsoft.Hosting.Lifetime - Hosting environment: Development 
 
2020-09-12 21:24:02,075 [1] INFO  Microsoft.Hosting.Lifetime - Content root path: G:\HJSFStudio--master\HJSF\HJSF.Web 
 
2020-09-12 21:25:17,785 [1] INFO  Microsoft.Hosting.Lifetime - Now listening on: https://localhost:5001 
 
2020-09-12 21:25:17,796 [1] INFO  Microsoft.Hosting.Lifetime - Now listening on: http://localhost:5000 
 
2020-09-12 21:25:17,797 [1] INFO  Microsoft.Hosting.Lifetime - Application started. Press Ctrl+C to shut down. 
 
2020-09-12 21:25:17,798 [1] INFO  Microsoft.Hosting.Lifetime - Hosting environment: Development 
 
2020-09-12 21:25:17,799 [1] INFO  Microsoft.Hosting.Lifetime - Content root path: G:\HJSFStudio--master\HJSF\HJSF.Web 
 
2020-09-12 21:26:17,948 [22] INFO  Microsoft.Hosting.Lifetime - Application is shutting down... 
 
2020-09-12 21:26:33,092 [1] INFO  Microsoft.Hosting.Lifetime - Now listening on: https://localhost:5001 
 
2020-09-12 21:26:33,103 [1] INFO  Microsoft.Hosting.Lifetime - Now listening on: http://localhost:5000 
 
2020-09-12 21:26:33,104 [1] INFO  Microsoft.Hosting.Lifetime - Application started. Press Ctrl+C to shut down. 
 
2020-09-12 21:26:33,105 [1] INFO  Microsoft.Hosting.Lifetime - Hosting environment: Development 
 
2020-09-12 21:26:33,106 [1] INFO  Microsoft.Hosting.Lifetime - Content root path: G:\HJSFStudio--master\HJSF\HJSF.Web 
 
2020-09-12 21:38:26,377 [1] INFO  Microsoft.Hosting.Lifetime - Now listening on: https://localhost:5001 
 
2020-09-12 21:38:26,388 [1] INFO  Microsoft.Hosting.Lifetime - Now listening on: http://localhost:5000 
 
2020-09-12 21:38:26,390 [1] INFO  Microsoft.Hosting.Lifetime - Application started. Press Ctrl+C to shut down. 
 
2020-09-12 21:38:26,390 [1] INFO  Microsoft.Hosting.Lifetime - Hosting environment: Development 
 
2020-09-12 21:38:26,391 [1] INFO  Microsoft.Hosting.Lifetime - Content root path: G:\HJSFStudio--master\HJSF\HJSF.Web 
 
2020-09-12 21:40:37,019 [1] INFO  Microsoft.Hosting.Lifetime - Now listening on: https://localhost:5001 
 
2020-09-12 21:40:37,030 [1] INFO  Microsoft.Hosting.Lifetime - Now listening on: http://localhost:5000 
 
2020-09-12 21:40:37,030 [1] INFO  Microsoft.Hosting.Lifetime - Application started. Press Ctrl+C to shut down. 
 
2020-09-12 21:40:37,030 [1] INFO  Microsoft.Hosting.Lifetime - Hosting environment: Development 
 
2020-09-12 21:40:37,031 [1] INFO  Microsoft.Hosting.Lifetime - Content root path: G:\HJSFStudio--master\HJSF\HJSF.Web 
 
2020-09-12 21:42:40,121 [1] INFO  Microsoft.Hosting.Lifetime - Now listening on: https://localhost:5001 
 
2020-09-12 21:42:40,132 [1] INFO  Microsoft.Hosting.Lifetime - Now listening on: http://localhost:5000 
 
2020-09-12 21:42:40,134 [1] INFO  Microsoft.Hosting.Lifetime - Application started. Press Ctrl+C to shut down. 
 
2020-09-12 21:42:40,134 [1] INFO  Microsoft.Hosting.Lifetime - Hosting environment: Development 
 
2020-09-12 21:42:40,135 [1] INFO  Microsoft.Hosting.Lifetime - Content root path: G:\HJSFStudio--master\HJSF\HJSF.Web 
 
2020-09-12 21:43:35,058 [1] INFO  Microsoft.Hosting.Lifetime - Now listening on: https://localhost:5001 
 
2020-09-12 21:43:35,071 [1] INFO  Microsoft.Hosting.Lifetime - Now listening on: http://localhost:5000 
 
2020-09-12 21:43:35,072 [1] INFO  Microsoft.Hosting.Lifetime - Application started. Press Ctrl+C to shut down. 
 
2020-09-12 21:43:35,073 [1] INFO  Microsoft.Hosting.Lifetime - Hosting environment: Development 
 
2020-09-12 21:43:35,073 [1] INFO  Microsoft.Hosting.Lifetime - Content root path: G:\HJSFStudio--master\HJSF\HJSF.Web 
 
2020-09-12 21:44:50,506 [26] INFO  Microsoft.Hosting.Lifetime - Application is shutting down... 
 
2020-09-12 21:45:23,579 [1] INFO  Microsoft.Hosting.Lifetime - Now listening on: https://localhost:5001 
 
2020-09-12 21:45:23,591 [1] INFO  Microsoft.Hosting.Lifetime - Now listening on: http://localhost:5000 
 
2020-09-12 21:45:23,592 [1] INFO  Microsoft.Hosting.Lifetime - Application started. Press Ctrl+C to shut down. 
 
2020-09-12 21:45:23,593 [1] INFO  Microsoft.Hosting.Lifetime - Hosting environment: Development 
 
2020-09-12 21:45:23,593 [1] INFO  Microsoft.Hosting.Lifetime - Content root path: G:\HJSFStudio--master\HJSF\HJSF.Web 
 
2020-09-12 21:50:23,973 [1] INFO  Microsoft.Hosting.Lifetime - Now listening on: https://localhost:5001 
 
2020-09-12 21:50:23,985 [1] INFO  Microsoft.Hosting.Lifetime - Now listening on: http://localhost:5000 
 
2020-09-12 21:50:23,986 [1] INFO  Microsoft.Hosting.Lifetime - Application started. Press Ctrl+C to shut down. 
 
2020-09-12 21:50:23,987 [1] INFO  Microsoft.Hosting.Lifetime - Hosting environment: Development 
 
2020-09-12 21:50:23,988 [1] INFO  Microsoft.Hosting.Lifetime - Content root path: G:\HJSFStudio--master\HJSF\HJSF.Web 
 
2020-09-12 23:58:53,969 [1] INFO  Microsoft.Hosting.Lifetime - Now listening on: https://localhost:5001 
 
2020-09-12 23:58:53,980 [1] INFO  Microsoft.Hosting.Lifetime - Now listening on: http://localhost:5000 
 
2020-09-12 23:58:53,981 [1] INFO  Microsoft.Hosting.Lifetime - Application started. Press Ctrl+C to shut down. 
 
2020-09-12 23:58:53,982 [1] INFO  Microsoft.Hosting.Lifetime - Hosting environment: Development 
 
2020-09-12 23:58:53,983 [1] INFO  Microsoft.Hosting.Lifetime - Content root path: G:\HJSFStudio--master\HJSF\HJSF.Web 
 
