2020-08-29 00:02:22,313 [1] INFO  Microsoft.Hosting.Lifetime - Now listening on: https://localhost:5001 
 
2020-08-29 00:02:22,328 [1] INFO  Microsoft.Hosting.Lifetime - Now listening on: http://localhost:5000 
 
2020-08-29 00:02:22,331 [1] INFO  Microsoft.Hosting.Lifetime - Application started. Press Ctrl+C to shut down. 
 
2020-08-29 00:02:22,333 [1] INFO  Microsoft.Hosting.Lifetime - Hosting environment: Development 
 
2020-08-29 00:02:22,336 [1] INFO  Microsoft.Hosting.Lifetime - Content root path: G:\HJSFStudio--master\HJSF\HJSF.Web 
 
2020-08-29 00:08:42,901 [1] INFO  Microsoft.Hosting.Lifetime - Now listening on: https://localhost:5001 
 
2020-08-29 00:08:42,915 [1] INFO  Microsoft.Hosting.Lifetime - Now listening on: http://localhost:5000 
 
2020-08-29 00:08:42,919 [1] INFO  Microsoft.Hosting.Lifetime - Application started. Press Ctrl+C to shut down. 
 
2020-08-29 00:08:42,921 [1] INFO  Microsoft.Hosting.Lifetime - Hosting environment: Development 
 
2020-08-29 00:08:42,923 [1] INFO  Microsoft.Hosting.Lifetime - Content root path: G:\HJSFStudio--master\HJSF\HJSF.Web 
 
2020-08-29 00:13:08,732 [1] INFO  Microsoft.Hosting.Lifetime - Now listening on: https://localhost:5001 
 
2020-08-29 00:13:08,747 [1] INFO  Microsoft.Hosting.Lifetime - Now listening on: http://localhost:5000 
 
2020-08-29 00:13:08,750 [1] INFO  Microsoft.Hosting.Lifetime - Application started. Press Ctrl+C to shut down. 
 
2020-08-29 00:13:08,752 [1] INFO  Microsoft.Hosting.Lifetime - Hosting environment: Development 
 
2020-08-29 00:13:08,754 [1] INFO  Microsoft.Hosting.Lifetime - Content root path: G:\HJSFStudio--master\HJSF\HJSF.Web 
 
2020-08-29 23:05:31,292 [1] INFO  Microsoft.Hosting.Lifetime - Now listening on: https://localhost:5001 
 
2020-08-29 23:05:31,331 [1] INFO  Microsoft.Hosting.Lifetime - Now listening on: http://localhost:5000 
 
2020-08-29 23:05:31,332 [1] INFO  Microsoft.Hosting.Lifetime - Application started. Press Ctrl+C to shut down. 
 
2020-08-29 23:05:31,333 [1] INFO  Microsoft.Hosting.Lifetime - Hosting environment: Development 
 
2020-08-29 23:05:31,334 [1] INFO  Microsoft.Hosting.Lifetime - Content root path: G:\HJSFStudio--master\HJSF\HJSF.Web 
 
2020-08-29 23:06:52,426 [1] INFO  Microsoft.Hosting.Lifetime - Now listening on: https://localhost:5001 
 
2020-08-29 23:06:52,443 [1] INFO  Microsoft.Hosting.Lifetime - Now listening on: http://localhost:5000 
 
2020-08-29 23:06:52,445 [1] INFO  Microsoft.Hosting.Lifetime - Application started. Press Ctrl+C to shut down. 
 
2020-08-29 23:06:52,447 [1] INFO  Microsoft.Hosting.Lifetime - Hosting environment: Development 
 
2020-08-29 23:06:52,449 [1] INFO  Microsoft.Hosting.Lifetime - Content root path: G:\HJSFStudio--master\HJSF\HJSF.Web 
 
2020-08-29 23:13:23,796 [1] INFO  Microsoft.Hosting.Lifetime - Now listening on: https://localhost:5001 
 
2020-08-29 23:13:23,811 [1] INFO  Microsoft.Hosting.Lifetime - Now listening on: http://localhost:5000 
 
2020-08-29 23:13:23,814 [1] INFO  Microsoft.Hosting.Lifetime - Application started. Press Ctrl+C to shut down. 
 
2020-08-29 23:13:23,816 [1] INFO  Microsoft.Hosting.Lifetime - Hosting environment: Development 
 
2020-08-29 23:13:23,818 [1] INFO  Microsoft.Hosting.Lifetime - Content root path: G:\HJSFStudio--master\HJSF\HJSF.Web 
 
2020-08-29 23:14:56,806 [1] INFO  Microsoft.Hosting.Lifetime - Now listening on: https://localhost:5001 
 
2020-08-29 23:14:56,821 [1] INFO  Microsoft.Hosting.Lifetime - Now listening on: http://localhost:5000 
 
2020-08-29 23:14:56,823 [1] INFO  Microsoft.Hosting.Lifetime - Application started. Press Ctrl+C to shut down. 
 
2020-08-29 23:14:56,827 [1] INFO  Microsoft.Hosting.Lifetime - Hosting environment: Development 
 
2020-08-29 23:14:56,829 [1] INFO  Microsoft.Hosting.Lifetime - Content root path: G:\HJSFStudio--master\HJSF\HJSF.Web 
 
2020-08-29 23:20:47,848 [2] INFO  Microsoft.Hosting.Lifetime - Application is shutting down... 
 
2020-08-29 23:38:35,220 [1] INFO  Microsoft.Hosting.Lifetime - Now listening on: https://localhost:5001 
 
2020-08-29 23:38:35,233 [1] INFO  Microsoft.Hosting.Lifetime - Now listening on: http://localhost:5000 
 
2020-08-29 23:38:35,236 [1] INFO  Microsoft.Hosting.Lifetime - Application started. Press Ctrl+C to shut down. 
 
2020-08-29 23:38:35,238 [1] INFO  Microsoft.Hosting.Lifetime - Hosting environment: Development 
 
2020-08-29 23:38:35,240 [1] INFO  Microsoft.Hosting.Lifetime - Content root path: G:\HJSFStudio--master\HJSF\HJSF.Web 
 
2020-08-29 23:43:05,011 [1] INFO  Microsoft.Hosting.Lifetime - Now listening on: https://localhost:5001 
 
2020-08-29 23:43:05,026 [1] INFO  Microsoft.Hosting.Lifetime - Now listening on: http://localhost:5000 
 
2020-08-29 23:43:05,028 [1] INFO  Microsoft.Hosting.Lifetime - Application started. Press Ctrl+C to shut down. 
 
2020-08-29 23:43:05,031 [1] INFO  Microsoft.Hosting.Lifetime - Hosting environment: Development 
 
2020-08-29 23:43:05,033 [1] INFO  Microsoft.Hosting.Lifetime - Content root path: G:\HJSFStudio--master\HJSF\HJSF.Web 
 
2020-08-29 23:47:37,331 [1] INFO  Microsoft.Hosting.Lifetime - Now listening on: https://localhost:5001 
 
2020-08-29 23:47:37,345 [1] INFO  Microsoft.Hosting.Lifetime - Now listening on: http://localhost:5000 
 
2020-08-29 23:47:37,348 [1] INFO  Microsoft.Hosting.Lifetime - Application started. Press Ctrl+C to shut down. 
 
2020-08-29 23:47:37,351 [1] INFO  Microsoft.Hosting.Lifetime - Hosting environment: Development 
 
2020-08-29 23:47:37,353 [1] INFO  Microsoft.Hosting.Lifetime - Content root path: G:\HJSFStudio--master\HJSF\HJSF.Web 
 
2020-08-29 23:51:25,623 [1] INFO  Microsoft.Hosting.Lifetime - Now listening on: https://localhost:5001 
 
2020-08-29 23:51:25,637 [1] INFO  Microsoft.Hosting.Lifetime - Now listening on: http://localhost:5000 
 
2020-08-29 23:51:25,640 [1] INFO  Microsoft.Hosting.Lifetime - Application started. Press Ctrl+C to shut down. 
 
2020-08-29 23:51:25,642 [1] INFO  Microsoft.Hosting.Lifetime - Hosting environment: Development 
 
2020-08-29 23:51:25,644 [1] INFO  Microsoft.Hosting.Lifetime - Content root path: G:\HJSFStudio--master\HJSF\HJSF.Web 
 
2020-08-29 23:54:50,113 [1] INFO  Microsoft.Hosting.Lifetime - Now listening on: https://localhost:5001 
 
2020-08-29 23:54:50,127 [1] INFO  Microsoft.Hosting.Lifetime - Now listening on: http://localhost:5000 
 
2020-08-29 23:54:50,129 [1] INFO  Microsoft.Hosting.Lifetime - Application started. Press Ctrl+C to shut down. 
 
2020-08-29 23:54:50,132 [1] INFO  Microsoft.Hosting.Lifetime - Hosting environment: Development 
 
2020-08-29 23:54:50,133 [1] INFO  Microsoft.Hosting.Lifetime - Content root path: G:\HJSFStudio--master\HJSF\HJSF.Web 
 
2020-08-29 23:55:11,598 [1] INFO  Microsoft.Hosting.Lifetime - Now listening on: https://localhost:5001 
 
2020-08-29 23:55:11,613 [1] INFO  Microsoft.Hosting.Lifetime - Now listening on: http://localhost:5000 
 
2020-08-29 23:55:11,616 [1] INFO  Microsoft.Hosting.Lifetime - Application started. Press Ctrl+C to shut down. 
 
2020-08-29 23:55:11,619 [1] INFO  Microsoft.Hosting.Lifetime - Hosting environment: Development 
 
2020-08-29 23:55:11,621 [1] INFO  Microsoft.Hosting.Lifetime - Content root path: G:\HJSFStudio--master\HJSF\HJSF.Web 
 
