2020-10-10 10:59:56,725 [1] INFO  Microsoft.Hosting.Lifetime - Now listening on: https://localhost:5001 
 
2020-10-10 10:59:56,740 [1] INFO  Microsoft.Hosting.Lifetime - Now listening on: http://localhost:5000 
 
2020-10-10 10:59:56,741 [1] INFO  Microsoft.Hosting.Lifetime - Application started. Press Ctrl+C to shut down. 
 
2020-10-10 10:59:56,742 [1] INFO  Microsoft.Hosting.Lifetime - Hosting environment: Development 
 
2020-10-10 10:59:56,742 [1] INFO  Microsoft.Hosting.Lifetime - Content root path: G:\HJSFStudio--master\HJSF\HJSF.Web 
 
2020-10-10 11:41:11,537 [1] INFO  Microsoft.Hosting.Lifetime - Now listening on: https://localhost:5001 
 
2020-10-10 11:41:11,552 [1] INFO  Microsoft.Hosting.Lifetime - Now listening on: http://localhost:5000 
 
2020-10-10 11:41:11,556 [1] INFO  Microsoft.Hosting.Lifetime - Application started. Press Ctrl+C to shut down. 
 
2020-10-10 11:41:11,558 [1] INFO  Microsoft.Hosting.Lifetime - Hosting environment: Development 
 
2020-10-10 11:41:11,561 [1] INFO  Microsoft.Hosting.Lifetime - Content root path: G:\HJSFStudio--master\HJSF\HJSF.Web 
 
2020-10-10 14:25:01,277 [1] INFO  Microsoft.Hosting.Lifetime - Now listening on: https://localhost:5001 
 
2020-10-10 14:25:01,288 [1] INFO  Microsoft.Hosting.Lifetime - Now listening on: http://localhost:5000 
 
2020-10-10 14:25:01,289 [1] INFO  Microsoft.Hosting.Lifetime - Application started. Press Ctrl+C to shut down. 
 
2020-10-10 14:25:01,289 [1] INFO  Microsoft.Hosting.Lifetime - Hosting environment: Development 
 
2020-10-10 14:25:01,289 [1] INFO  Microsoft.Hosting.Lifetime - Content root path: G:\HJSFStudio--master\HJSF\HJSF.Web 
 
2020-10-10 14:29:04,274 [1] INFO  Microsoft.Hosting.Lifetime - Now listening on: https://localhost:5001 
 
2020-10-10 14:29:04,289 [1] INFO  Microsoft.Hosting.Lifetime - Now listening on: http://localhost:5000 
 
2020-10-10 14:29:04,292 [1] INFO  Microsoft.Hosting.Lifetime - Application started. Press Ctrl+C to shut down. 
 
2020-10-10 14:29:04,295 [1] INFO  Microsoft.Hosting.Lifetime - Hosting environment: Development 
 
2020-10-10 14:29:04,297 [1] INFO  Microsoft.Hosting.Lifetime - Content root path: G:\HJSFStudio--master\HJSF\HJSF.Web 
 
2020-10-10 14:38:45,746 [1] INFO  Microsoft.Hosting.Lifetime - Now listening on: https://localhost:5001 
 
2020-10-10 14:38:45,757 [1] INFO  Microsoft.Hosting.Lifetime - Now listening on: http://localhost:5000 
 
2020-10-10 14:38:45,757 [1] INFO  Microsoft.Hosting.Lifetime - Application started. Press Ctrl+C to shut down. 
 
2020-10-10 14:38:45,758 [1] INFO  Microsoft.Hosting.Lifetime - Hosting environment: Development 
 
2020-10-10 14:38:45,758 [1] INFO  Microsoft.Hosting.Lifetime - Content root path: G:\HJSFStudio--master\HJSF\HJSF.Web 
 
2020-10-10 22:29:39,650 [1] INFO  Microsoft.Hosting.Lifetime - Now listening on: https://localhost:5001 
 
2020-10-10 22:29:39,711 [1] INFO  Microsoft.Hosting.Lifetime - Now listening on: http://localhost:5000 
 
2020-10-10 22:29:39,713 [1] INFO  Microsoft.Hosting.Lifetime - Application started. Press Ctrl+C to shut down. 
 
2020-10-10 22:29:39,714 [1] INFO  Microsoft.Hosting.Lifetime - Hosting environment: Development 
 
2020-10-10 22:29:39,715 [1] INFO  Microsoft.Hosting.Lifetime - Content root path: G:\HJSFStudio--master\HJSF\HJSF.Web 
 
2020-10-10 22:33:54,826 [1] INFO  Microsoft.Hosting.Lifetime - Now listening on: https://localhost:5001 
 
2020-10-10 22:33:54,848 [1] INFO  Microsoft.Hosting.Lifetime - Now listening on: http://localhost:5000 
 
2020-10-10 22:33:54,850 [1] INFO  Microsoft.Hosting.Lifetime - Application started. Press Ctrl+C to shut down. 
 
2020-10-10 22:33:54,851 [1] INFO  Microsoft.Hosting.Lifetime - Hosting environment: Development 
 
2020-10-10 22:33:54,852 [1] INFO  Microsoft.Hosting.Lifetime - Content root path: G:\HJSFStudio--master\HJSF\HJSF.Web 
 
