2020-09-07 23:03:35,849 [1] INFO  Microsoft.Hosting.Lifetime - Now listening on: https://localhost:5001 
 
2020-09-07 23:03:35,865 [1] INFO  Microsoft.Hosting.Lifetime - Now listening on: http://localhost:5000 
 
2020-09-07 23:03:35,868 [1] INFO  Microsoft.Hosting.Lifetime - Application started. Press Ctrl+C to shut down. 
 
2020-09-07 23:03:35,872 [1] INFO  Microsoft.Hosting.Lifetime - Hosting environment: Development 
 
2020-09-07 23:03:35,874 [1] INFO  Microsoft.Hosting.Lifetime - Content root path: G:\HJSFStudio--master\HJSF\HJSF.Web 
 
2020-09-07 23:05:28,962 [1] INFO  Microsoft.Hosting.Lifetime - Now listening on: https://localhost:5001 
 
2020-09-07 23:05:28,980 [1] INFO  Microsoft.Hosting.Lifetime - Now listening on: http://localhost:5000 
 
2020-09-07 23:05:28,983 [1] INFO  Microsoft.Hosting.Lifetime - Application started. Press Ctrl+C to shut down. 
 
2020-09-07 23:05:28,986 [1] INFO  Microsoft.Hosting.Lifetime - Hosting environment: Development 
 
2020-09-07 23:05:28,988 [1] INFO  Microsoft.Hosting.Lifetime - Content root path: G:\HJSFStudio--master\HJSF\HJSF.Web 
 
2020-09-07 23:08:58,779 [1] INFO  Microsoft.Hosting.Lifetime - Now listening on: https://localhost:5001 
 
2020-09-07 23:08:58,794 [1] INFO  Microsoft.Hosting.Lifetime - Now listening on: http://localhost:5000 
 
2020-09-07 23:08:58,796 [1] INFO  Microsoft.Hosting.Lifetime - Application started. Press Ctrl+C to shut down. 
 
2020-09-07 23:08:58,797 [1] INFO  Microsoft.Hosting.Lifetime - Hosting environment: Development 
 
2020-09-07 23:08:58,800 [1] INFO  Microsoft.Hosting.Lifetime - Content root path: G:\HJSFStudio--master\HJSF\HJSF.Web 
 
2020-09-07 23:13:51,577 [1] INFO  Microsoft.Hosting.Lifetime - Now listening on: https://localhost:5001 
 
2020-09-07 23:13:51,591 [1] INFO  Microsoft.Hosting.Lifetime - Now listening on: http://localhost:5000 
 
2020-09-07 23:13:51,593 [1] INFO  Microsoft.Hosting.Lifetime - Application started. Press Ctrl+C to shut down. 
 
2020-09-07 23:13:51,596 [1] INFO  Microsoft.Hosting.Lifetime - Hosting environment: Development 
 
2020-09-07 23:13:51,598 [1] INFO  Microsoft.Hosting.Lifetime - Content root path: G:\HJSFStudio--master\HJSF\HJSF.Web 
 
2020-09-07 23:18:38,657 [1] INFO  Microsoft.Hosting.Lifetime - Now listening on: https://localhost:5001 
 
2020-09-07 23:18:38,672 [1] INFO  Microsoft.Hosting.Lifetime - Now listening on: http://localhost:5000 
 
2020-09-07 23:18:38,674 [1] INFO  Microsoft.Hosting.Lifetime - Application started. Press Ctrl+C to shut down. 
 
2020-09-07 23:18:38,676 [1] INFO  Microsoft.Hosting.Lifetime - Hosting environment: Development 
 
2020-09-07 23:18:38,678 [1] INFO  Microsoft.Hosting.Lifetime - Content root path: G:\HJSFStudio--master\HJSF\HJSF.Web 
 
2020-09-07 23:26:21,682 [1] INFO  Microsoft.Hosting.Lifetime - Now listening on: https://localhost:5001 
 
2020-09-07 23:26:21,692 [1] INFO  Microsoft.Hosting.Lifetime - Now listening on: http://localhost:5000 
 
2020-09-07 23:26:21,693 [1] INFO  Microsoft.Hosting.Lifetime - Application started. Press Ctrl+C to shut down. 
 
2020-09-07 23:26:21,693 [1] INFO  Microsoft.Hosting.Lifetime - Hosting environment: Development 
 
2020-09-07 23:26:21,694 [1] INFO  Microsoft.Hosting.Lifetime - Content root path: G:\HJSFStudio--master\HJSF\HJSF.Web 
 
2020-09-07 23:28:19,064 [1] INFO  Microsoft.Hosting.Lifetime - Now listening on: https://localhost:5001 
 
2020-09-07 23:28:19,079 [1] INFO  Microsoft.Hosting.Lifetime - Now listening on: http://localhost:5000 
 
2020-09-07 23:28:19,081 [1] INFO  Microsoft.Hosting.Lifetime - Application started. Press Ctrl+C to shut down. 
 
2020-09-07 23:28:19,083 [1] INFO  Microsoft.Hosting.Lifetime - Hosting environment: Development 
 
2020-09-07 23:28:19,084 [1] INFO  Microsoft.Hosting.Lifetime - Content root path: G:\HJSFStudio--master\HJSF\HJSF.Web 
 
2020-09-07 23:46:40,667 [1] INFO  Microsoft.Hosting.Lifetime - Now listening on: https://localhost:5001 
 
2020-09-07 23:46:40,677 [1] INFO  Microsoft.Hosting.Lifetime - Now listening on: http://localhost:5000 
 
2020-09-07 23:46:40,679 [1] INFO  Microsoft.Hosting.Lifetime - Application started. Press Ctrl+C to shut down. 
 
2020-09-07 23:46:40,679 [1] INFO  Microsoft.Hosting.Lifetime - Hosting environment: Development 
 
2020-09-07 23:46:40,679 [1] INFO  Microsoft.Hosting.Lifetime - Content root path: G:\HJSFStudio--master\HJSF\HJSF.Web 
 
2020-09-07 23:47:03,860 [2] INFO  Microsoft.Hosting.Lifetime - Application is shutting down... 
 
2020-09-07 23:47:18,929 [1] INFO  Microsoft.Hosting.Lifetime - Now listening on: https://localhost:5001 
 
2020-09-07 23:47:18,944 [1] INFO  Microsoft.Hosting.Lifetime - Now listening on: http://localhost:5000 
 
2020-09-07 23:47:18,947 [1] INFO  Microsoft.Hosting.Lifetime - Application started. Press Ctrl+C to shut down. 
 
2020-09-07 23:47:18,949 [1] INFO  Microsoft.Hosting.Lifetime - Hosting environment: Development 
 
2020-09-07 23:47:18,951 [1] INFO  Microsoft.Hosting.Lifetime - Content root path: G:\HJSFStudio--master\HJSF\HJSF.Web 
 
2020-09-07 23:49:22,988 [1] INFO  Microsoft.Hosting.Lifetime - Now listening on: https://localhost:5001 
 
2020-09-07 23:49:23,002 [1] INFO  Microsoft.Hosting.Lifetime - Now listening on: http://localhost:5000 
 
2020-09-07 23:49:23,004 [1] INFO  Microsoft.Hosting.Lifetime - Application started. Press Ctrl+C to shut down. 
 
2020-09-07 23:49:23,006 [1] INFO  Microsoft.Hosting.Lifetime - Hosting environment: Development 
 
2020-09-07 23:49:23,008 [1] INFO  Microsoft.Hosting.Lifetime - Content root path: G:\HJSFStudio--master\HJSF\HJSF.Web 
 
2020-09-07 23:51:48,509 [1] INFO  Microsoft.Hosting.Lifetime - Now listening on: https://localhost:5001 
 
2020-09-07 23:51:48,523 [1] INFO  Microsoft.Hosting.Lifetime - Now listening on: http://localhost:5000 
 
2020-09-07 23:51:48,526 [1] INFO  Microsoft.Hosting.Lifetime - Application started. Press Ctrl+C to shut down. 
 
2020-09-07 23:51:48,528 [1] INFO  Microsoft.Hosting.Lifetime - Hosting environment: Development 
 
2020-09-07 23:51:48,531 [1] INFO  Microsoft.Hosting.Lifetime - Content root path: G:\HJSFStudio--master\HJSF\HJSF.Web 
 
