2020-09-09 22:54:48,334 [1] INFO  Microsoft.Hosting.Lifetime - Now listening on: https://localhost:5001 
 
2020-09-09 22:54:48,348 [1] INFO  Microsoft.Hosting.Lifetime - Now listening on: http://localhost:5000 
 
2020-09-09 22:54:48,350 [1] INFO  Microsoft.Hosting.Lifetime - Application started. Press Ctrl+C to shut down. 
 
2020-09-09 22:54:48,352 [1] INFO  Microsoft.Hosting.Lifetime - Hosting environment: Development 
 
2020-09-09 22:54:48,356 [1] INFO  Microsoft.Hosting.Lifetime - Content root path: G:\HJSFStudio--master\HJSF\HJSF.Web 
 
2020-09-09 23:01:08,915 [1] INFO  Microsoft.Hosting.Lifetime - Now listening on: https://localhost:5001 
 
2020-09-09 23:01:08,928 [1] INFO  Microsoft.Hosting.Lifetime - Now listening on: http://localhost:5000 
 
2020-09-09 23:01:08,932 [1] INFO  Microsoft.Hosting.Lifetime - Application started. Press Ctrl+C to shut down. 
 
2020-09-09 23:01:08,934 [1] INFO  Microsoft.Hosting.Lifetime - Hosting environment: Development 
 
2020-09-09 23:01:08,935 [1] INFO  Microsoft.Hosting.Lifetime - Content root path: G:\HJSFStudio--master\HJSF\HJSF.Web 
 
2020-09-09 23:13:55,211 [1] INFO  Microsoft.Hosting.Lifetime - Now listening on: https://localhost:5001 
 
2020-09-09 23:13:55,225 [1] INFO  Microsoft.Hosting.Lifetime - Now listening on: http://localhost:5000 
 
2020-09-09 23:13:55,227 [1] INFO  Microsoft.Hosting.Lifetime - Application started. Press Ctrl+C to shut down. 
 
2020-09-09 23:13:55,229 [1] INFO  Microsoft.Hosting.Lifetime - Hosting environment: Development 
 
2020-09-09 23:13:55,231 [1] INFO  Microsoft.Hosting.Lifetime - Content root path: G:\HJSFStudio--master\HJSF\HJSF.Web 
 
2020-09-09 23:15:43,235 [1] INFO  Microsoft.Hosting.Lifetime - Now listening on: https://localhost:5001 
 
2020-09-09 23:15:43,248 [1] INFO  Microsoft.Hosting.Lifetime - Now listening on: http://localhost:5000 
 
2020-09-09 23:15:43,250 [1] INFO  Microsoft.Hosting.Lifetime - Application started. Press Ctrl+C to shut down. 
 
2020-09-09 23:15:43,252 [1] INFO  Microsoft.Hosting.Lifetime - Hosting environment: Development 
 
2020-09-09 23:15:43,254 [1] INFO  Microsoft.Hosting.Lifetime - Content root path: G:\HJSFStudio--master\HJSF\HJSF.Web 
 
2020-09-09 23:17:32,114 [1] INFO  Microsoft.Hosting.Lifetime - Now listening on: https://localhost:5001 
 
2020-09-09 23:17:32,128 [1] INFO  Microsoft.Hosting.Lifetime - Now listening on: http://localhost:5000 
 
2020-09-09 23:17:32,130 [1] INFO  Microsoft.Hosting.Lifetime - Application started. Press Ctrl+C to shut down. 
 
2020-09-09 23:17:32,132 [1] INFO  Microsoft.Hosting.Lifetime - Hosting environment: Development 
 
2020-09-09 23:17:32,134 [1] INFO  Microsoft.Hosting.Lifetime - Content root path: G:\HJSFStudio--master\HJSF\HJSF.Web 
 
2020-09-09 23:20:04,531 [1] INFO  Microsoft.Hosting.Lifetime - Now listening on: https://localhost:5001 
 
2020-09-09 23:20:04,545 [1] INFO  Microsoft.Hosting.Lifetime - Now listening on: http://localhost:5000 
 
2020-09-09 23:20:04,547 [1] INFO  Microsoft.Hosting.Lifetime - Application started. Press Ctrl+C to shut down. 
 
2020-09-09 23:20:04,549 [1] INFO  Microsoft.Hosting.Lifetime - Hosting environment: Development 
 
2020-09-09 23:20:04,551 [1] INFO  Microsoft.Hosting.Lifetime - Content root path: G:\HJSFStudio--master\HJSF\HJSF.Web 
 
2020-09-09 23:21:03,896 [1] INFO  Microsoft.Hosting.Lifetime - Now listening on: https://localhost:5001 
 
2020-09-09 23:21:03,914 [1] INFO  Microsoft.Hosting.Lifetime - Now listening on: http://localhost:5000 
 
2020-09-09 23:21:03,916 [1] INFO  Microsoft.Hosting.Lifetime - Application started. Press Ctrl+C to shut down. 
 
2020-09-09 23:21:03,918 [1] INFO  Microsoft.Hosting.Lifetime - Hosting environment: Development 
 
2020-09-09 23:21:03,920 [1] INFO  Microsoft.Hosting.Lifetime - Content root path: G:\HJSFStudio--master\HJSF\HJSF.Web 
 
2020-09-09 23:26:17,617 [1] INFO  Microsoft.Hosting.Lifetime - Now listening on: https://localhost:5001 
 
2020-09-09 23:26:17,634 [1] INFO  Microsoft.Hosting.Lifetime - Now listening on: http://localhost:5000 
 
2020-09-09 23:26:17,637 [1] INFO  Microsoft.Hosting.Lifetime - Application started. Press Ctrl+C to shut down. 
 
2020-09-09 23:26:17,639 [1] INFO  Microsoft.Hosting.Lifetime - Hosting environment: Development 
 
2020-09-09 23:26:17,641 [1] INFO  Microsoft.Hosting.Lifetime - Content root path: G:\HJSFStudio--master\HJSF\HJSF.Web 
 
2020-09-09 23:30:54,240 [1] INFO  Microsoft.Hosting.Lifetime - Now listening on: https://localhost:5001 
 
2020-09-09 23:30:54,253 [1] INFO  Microsoft.Hosting.Lifetime - Now listening on: http://localhost:5000 
 
2020-09-09 23:30:54,255 [1] INFO  Microsoft.Hosting.Lifetime - Application started. Press Ctrl+C to shut down. 
 
2020-09-09 23:30:54,256 [1] INFO  Microsoft.Hosting.Lifetime - Hosting environment: Development 
 
2020-09-09 23:30:54,259 [1] INFO  Microsoft.Hosting.Lifetime - Content root path: G:\HJSFStudio--master\HJSF\HJSF.Web 
 
2020-09-09 23:41:32,887 [1] INFO  Microsoft.Hosting.Lifetime - Now listening on: https://localhost:5001 
 
2020-09-09 23:41:32,898 [1] INFO  Microsoft.Hosting.Lifetime - Now listening on: http://localhost:5000 
 
2020-09-09 23:41:32,898 [1] INFO  Microsoft.Hosting.Lifetime - Application started. Press Ctrl+C to shut down. 
 
2020-09-09 23:41:32,899 [1] INFO  Microsoft.Hosting.Lifetime - Hosting environment: Development 
 
2020-09-09 23:41:32,899 [1] INFO  Microsoft.Hosting.Lifetime - Content root path: G:\HJSFStudio--master\HJSF\HJSF.Web 
 
2020-09-09 23:42:47,652 [1] INFO  Microsoft.Hosting.Lifetime - Now listening on: https://localhost:5001 
 
2020-09-09 23:42:47,665 [1] INFO  Microsoft.Hosting.Lifetime - Now listening on: http://localhost:5000 
 
2020-09-09 23:42:47,667 [1] INFO  Microsoft.Hosting.Lifetime - Application started. Press Ctrl+C to shut down. 
 
2020-09-09 23:42:47,668 [1] INFO  Microsoft.Hosting.Lifetime - Hosting environment: Development 
 
2020-09-09 23:42:47,671 [1] INFO  Microsoft.Hosting.Lifetime - Content root path: G:\HJSFStudio--master\HJSF\HJSF.Web 
 
2020-09-09 23:48:17,887 [1] INFO  Microsoft.Hosting.Lifetime - Now listening on: https://localhost:5001 
 
2020-09-09 23:48:17,897 [1] INFO  Microsoft.Hosting.Lifetime - Now listening on: http://localhost:5000 
 
2020-09-09 23:48:17,898 [1] INFO  Microsoft.Hosting.Lifetime - Application started. Press Ctrl+C to shut down. 
 
2020-09-09 23:48:17,898 [1] INFO  Microsoft.Hosting.Lifetime - Hosting environment: Development 
 
2020-09-09 23:48:17,899 [1] INFO  Microsoft.Hosting.Lifetime - Content root path: G:\HJSFStudio--master\HJSF\HJSF.Web 
 
2020-09-09 23:54:37,446 [32] INFO  Microsoft.Hosting.Lifetime - Application is shutting down... 
 
2020-09-09 23:56:17,218 [1] INFO  Microsoft.Hosting.Lifetime - Now listening on: https://localhost:5001 
 
2020-09-09 23:56:17,232 [1] INFO  Microsoft.Hosting.Lifetime - Now listening on: http://localhost:5000 
 
2020-09-09 23:56:17,236 [1] INFO  Microsoft.Hosting.Lifetime - Application started. Press Ctrl+C to shut down. 
 
2020-09-09 23:56:17,238 [1] INFO  Microsoft.Hosting.Lifetime - Hosting environment: Development 
 
2020-09-09 23:56:17,240 [1] INFO  Microsoft.Hosting.Lifetime - Content root path: G:\HJSFStudio--master\HJSF\HJSF.Web 
 
