2020-08-28 00:26:58,284 [1] INFO  Microsoft.Hosting.Lifetime - Now listening on: https://localhost:5001 
 
2020-08-28 00:26:58,300 [1] INFO  Microsoft.Hosting.Lifetime - Now listening on: http://localhost:5000 
 
2020-08-28 00:26:58,303 [1] INFO  Microsoft.Hosting.Lifetime - Application started. Press Ctrl+C to shut down. 
 
2020-08-28 00:26:58,308 [1] INFO  Microsoft.Hosting.Lifetime - Hosting environment: Development 
 
2020-08-28 00:26:58,310 [1] INFO  Microsoft.Hosting.Lifetime - Content root path: G:\HJSFStudio--master\HJSF\HJSF.Web 
 
2020-08-28 00:28:46,692 [1] INFO  Microsoft.Hosting.Lifetime - Now listening on: https://localhost:5001 
 
2020-08-28 00:28:46,707 [1] INFO  Microsoft.Hosting.Lifetime - Now listening on: http://localhost:5000 
 
2020-08-28 00:28:46,777 [1] INFO  Microsoft.Hosting.Lifetime - Application started. Press Ctrl+C to shut down. 
 
2020-08-28 00:28:46,779 [1] INFO  Microsoft.Hosting.Lifetime - Hosting environment: Development 
 
2020-08-28 00:28:46,782 [1] INFO  Microsoft.Hosting.Lifetime - Content root path: G:\HJSFStudio--master\HJSF\HJSF.Web 
 
2020-08-28 23:48:15,442 [1] INFO  Microsoft.Hosting.Lifetime - Now listening on: https://localhost:5001 
 
2020-08-28 23:48:15,469 [1] INFO  Microsoft.Hosting.Lifetime - Now listening on: http://localhost:5000 
 
2020-08-28 23:48:15,472 [1] INFO  Microsoft.Hosting.Lifetime - Application started. Press Ctrl+C to shut down. 
 
2020-08-28 23:48:15,474 [1] INFO  Microsoft.Hosting.Lifetime - Hosting environment: Development 
 
2020-08-28 23:48:15,476 [1] INFO  Microsoft.Hosting.Lifetime - Content root path: G:\HJSFStudio--master\HJSF\HJSF.Web 
 
2020-08-28 23:49:41,943 [1] INFO  Microsoft.Hosting.Lifetime - Now listening on: https://localhost:5001 
 
2020-08-28 23:49:41,958 [1] INFO  Microsoft.Hosting.Lifetime - Now listening on: http://localhost:5000 
 
2020-08-28 23:49:41,961 [1] INFO  Microsoft.Hosting.Lifetime - Application started. Press Ctrl+C to shut down. 
 
2020-08-28 23:49:41,963 [1] INFO  Microsoft.Hosting.Lifetime - Hosting environment: Development 
 
2020-08-28 23:49:41,965 [1] INFO  Microsoft.Hosting.Lifetime - Content root path: G:\HJSFStudio--master\HJSF\HJSF.Web 
 
2020-08-28 23:51:40,114 [1] INFO  Microsoft.Hosting.Lifetime - Now listening on: https://localhost:5001 
 
2020-08-28 23:51:40,129 [1] INFO  Microsoft.Hosting.Lifetime - Now listening on: http://localhost:5000 
 
2020-08-28 23:51:40,129 [1] INFO  Microsoft.Hosting.Lifetime - Application started. Press Ctrl+C to shut down. 
 
2020-08-28 23:51:40,130 [1] INFO  Microsoft.Hosting.Lifetime - Hosting environment: Development 
 
2020-08-28 23:51:40,131 [1] INFO  Microsoft.Hosting.Lifetime - Content root path: G:\HJSFStudio--master\HJSF\HJSF.Web 
 
2020-08-28 23:53:43,838 [18] INFO  Microsoft.Hosting.Lifetime - Application is shutting down... 
 
2020-08-28 23:53:51,203 [1] INFO  Microsoft.Hosting.Lifetime - Now listening on: https://localhost:5001 
 
2020-08-28 23:53:51,215 [1] INFO  Microsoft.Hosting.Lifetime - Now listening on: http://localhost:5000 
 
2020-08-28 23:53:51,216 [1] INFO  Microsoft.Hosting.Lifetime - Application started. Press Ctrl+C to shut down. 
 
2020-08-28 23:53:51,217 [1] INFO  Microsoft.Hosting.Lifetime - Hosting environment: Development 
 
2020-08-28 23:53:51,218 [1] INFO  Microsoft.Hosting.Lifetime - Content root path: G:\HJSFStudio--master\HJSF\HJSF.Web 
 
2020-08-28 23:54:36,965 [2] INFO  Microsoft.Hosting.Lifetime - Application is shutting down... 
 
