2020-08-23 23:12:34,612 [4] ERROR Microsoft.AspNetCore.Diagnostics.DeveloperExceptionPageMiddleware - An unhandled exception has occurred while executing the request. 
 
System.ArgumentNullException: Value cannot be null. (Parameter 'logger')
   at Microsoft.Extensions.Logging.LoggerExtensions.Log(ILogger logger, LogLevel logLevel, EventId eventId, Exception exception, String message, Object[] args)
   at Microsoft.Extensions.Logging.LoggerExtensions.LogError(ILogger logger, String message, Object[] args)
   at Middleware.ExceptionMiddleware.HandleException(HttpContext context, Exception e) in G:\HJSFStudio--master\HJSF\Middleware\ExceptionMiddleware.cs:line 60
   at Middleware.ExceptionMiddleware.Invoke(HttpContext context) in G:\HJSFStudio--master\HJSF\Middleware\ExceptionMiddleware.cs:line 36
   at Swashbuckle.AspNetCore.SwaggerUI.SwaggerUIMiddleware.Invoke(HttpContext httpContext)
   at Swashbuckle.AspNetCore.Swagger.SwaggerMiddleware.Invoke(HttpContext httpContext, ISwaggerProvider swaggerProvider)
   at Microsoft.AspNetCore.Diagnostics.DeveloperExceptionPageMiddleware.Invoke(HttpContext context)
2020-08-23 23:14:12,276 [11] ERROR Microsoft.AspNetCore.Diagnostics.DeveloperExceptionPageMiddleware - An unhandled exception has occurred while executing the request. 
 
System.ArgumentNullException: Value cannot be null. (Parameter 'logger')
   at Microsoft.Extensions.Logging.LoggerExtensions.Log(ILogger logger, LogLevel logLevel, EventId eventId, Exception exception, String message, Object[] args)
   at Microsoft.Extensions.Logging.LoggerExtensions.LogError(ILogger logger, String message, Object[] args)
   at Middleware.ExceptionMiddleware.HandleException(HttpContext context, Exception e) in G:\HJSFStudio--master\HJSF\Middleware\ExceptionMiddleware.cs:line 60
   at Middleware.ExceptionMiddleware.Invoke(HttpContext context) in G:\HJSFStudio--master\HJSF\Middleware\ExceptionMiddleware.cs:line 36
   at Swashbuckle.AspNetCore.SwaggerUI.SwaggerUIMiddleware.Invoke(HttpContext httpContext)
   at Swashbuckle.AspNetCore.Swagger.SwaggerMiddleware.Invoke(HttpContext httpContext, ISwaggerProvider swaggerProvider)
   at Microsoft.AspNetCore.Diagnostics.DeveloperExceptionPageMiddleware.Invoke(HttpContext context)
2020-08-23 23:17:29,601 [4] ERROR Microsoft.AspNetCore.Diagnostics.DeveloperExceptionPageMiddleware - An unhandled exception has occurred while executing the request. 
 
System.ArgumentNullException: Value cannot be null. (Parameter 'logger')
   at Microsoft.Extensions.Logging.LoggerExtensions.Log(ILogger logger, LogLevel logLevel, EventId eventId, Exception exception, String message, Object[] args)
   at Microsoft.Extensions.Logging.LoggerExtensions.LogError(ILogger logger, String message, Object[] args)
   at Middleware.ExceptionMiddleware.HandleException(HttpContext context, Exception e) in G:\HJSFStudio--master\HJSF\Middleware\ExceptionMiddleware.cs:line 60
   at Middleware.ExceptionMiddleware.Invoke(HttpContext context) in G:\HJSFStudio--master\HJSF\Middleware\ExceptionMiddleware.cs:line 36
   at Swashbuckle.AspNetCore.SwaggerUI.SwaggerUIMiddleware.Invoke(HttpContext httpContext)
   at Swashbuckle.AspNetCore.Swagger.SwaggerMiddleware.Invoke(HttpContext httpContext, ISwaggerProvider swaggerProvider)
   at Microsoft.AspNetCore.Diagnostics.DeveloperExceptionPageMiddleware.Invoke(HttpContext context)
2020-08-23 23:25:11,956 [14] ERROR Middleware.ExceptionMiddleware - 系统异常 
 
2020-08-23 23:41:20,828 [11] ERROR Middleware.ExceptionMiddleware - 系统异常 
 
